        -:    0:Source:dominion.c
        -:    0:Graph:dominion.gcno
        -:    0:Data:dominion.gcda
        -:    0:Runs:1
        -:    0:Programs:1
        -:    1:#include "dominion.h"
        -:    2:#include "dominion_helpers.h"
        -:    3:#include "rngs.h"
        -:    4:#include <stdio.h>
        -:    5:#include <math.h>
        -:    6:#include <stdlib.h>
        -:    7:
function compare called 69750 returned 100% blocks executed 83%
    69750:    8:int compare(const void* a, const void* b) {
    69750:    9:  if (*(int*)a > *(int*)b)
branch  0 taken 0% (fallthrough)
branch  1 taken 100%
    #####:   10:    return 1;
    69750:   11:  if (*(int*)a < *(int*)b)
branch  0 taken 27% (fallthrough)
branch  1 taken 73%
    18600:   12:    return -1;
    51150:   13:  return 0;
        -:   14:}
        -:   15:
function newGame called 0 returned 0% blocks executed 0%
    #####:   16:struct gameState* newGame() {
    #####:   17:  struct gameState* g = malloc(sizeof(struct gameState));
    #####:   18:  return g;
        -:   19:}
        -:   20:
function kingdomCards called 0 returned 0% blocks executed 0%
    #####:   21:int* kingdomCards(int k1, int k2, int k3, int k4, int k5, int k6, int k7,
        -:   22:		  int k8, int k9, int k10) {
    #####:   23:  int* k = malloc(10 * sizeof(int));
    #####:   24:  k[0] = k1;
    #####:   25:  k[1] = k2;
    #####:   26:  k[2] = k3;
    #####:   27:  k[3] = k4;
    #####:   28:  k[4] = k5;
    #####:   29:  k[5] = k6;
    #####:   30:  k[6] = k7;
    #####:   31:  k[7] = k8;
    #####:   32:  k[8] = k9;
    #####:   33:  k[9] = k10;
    #####:   34:  return k;
        -:   35:}
        -:   36:
function initializeGame called 2000 returned 100% blocks executed 94%
     2000:   37:int initializeGame(int numPlayers, int kingdomCards[10], int randomSeed,
        -:   38:		   struct gameState *state) {
        -:   39:
        -:   40:  int i;
        -:   41:  int j;
        -:   42:  int it;			
        -:   43:  //set up random number generator
     2000:   44:  SelectStream(1);
call    0 returned 100%
     2000:   45:  PutSeed((long)randomSeed);
call    0 returned 100%
        -:   46:  
        -:   47:  //check number of players
     2000:   48:  if (numPlayers > MAX_PLAYERS || numPlayers < 2)
branch  0 taken 100% (fallthrough)
branch  1 taken 0%
branch  2 taken 0% (fallthrough)
branch  3 taken 100%
        -:   49:    {
    #####:   50:      return -1;
        -:   51:    }
        -:   52:
        -:   53:  //set number of players
     2000:   54:  state->numPlayers = numPlayers;
        -:   55:
        -:   56:  //check selected kingdom cards are different
    22000:   57:  for (i = 0; i < 10; i++)
branch  0 taken 91%
branch  1 taken 9% (fallthrough)
        -:   58:    {
   220000:   59:      for (j = 0; j < 10; j++)
branch  0 taken 91%
branch  1 taken 9% (fallthrough)
        -:   60:        {
   200000:   61:	  if (j != i && kingdomCards[j] == kingdomCards[i])
branch  0 taken 90% (fallthrough)
branch  1 taken 10%
branch  2 taken 0% (fallthrough)
branch  3 taken 100%
        -:   62:	    {
    #####:   63:	      return -1;
        -:   64:	    }
        -:   65:        }
        -:   66:    }
        -:   67:
        -:   68:
        -:   69:  //initialize supply
        -:   70:  ///////////////////////////////
        -:   71:
        -:   72:  //set number of Curse cards
     2000:   73:  if (numPlayers == 2)
branch  0 taken 68% (fallthrough)
branch  1 taken 33%
        -:   74:    {
     1350:   75:      state->supplyCount[curse] = 10;
        -:   76:    }
      650:   77:  else if (numPlayers == 3)
branch  0 taken 100% (fallthrough)
branch  1 taken 0%
        -:   78:    {
      650:   79:      state->supplyCount[curse] = 20;
        -:   80:    }
        -:   81:  else
        -:   82:    {
    #####:   83:      state->supplyCount[curse] = 30;
        -:   84:    }
        -:   85:
        -:   86:  //set number of Victory cards
     2000:   87:  if (numPlayers == 2)
branch  0 taken 68% (fallthrough)
branch  1 taken 33%
        -:   88:    {
     1350:   89:      state->supplyCount[estate] = 8;
     1350:   90:      state->supplyCount[duchy] = 8;
     1350:   91:      state->supplyCount[province] = 8;
        -:   92:    }
        -:   93:  else
        -:   94:    {
      650:   95:      state->supplyCount[estate] = 12;
      650:   96:      state->supplyCount[duchy] = 12;
      650:   97:      state->supplyCount[province] = 12;
        -:   98:    }
        -:   99:
        -:  100:  //set number of Treasure cards
     2000:  101:  state->supplyCount[copper] = 60 - (7 * numPlayers);
     2000:  102:  state->supplyCount[silver] = 40;
     2000:  103:  state->supplyCount[gold] = 30;
        -:  104:
        -:  105:  //set number of Kingdom cards
    42000:  106:  for (i = adventurer; i <= treasure_map; i++)       	//loop all cards
branch  0 taken 95%
branch  1 taken 5% (fallthrough)
        -:  107:    {
   330000:  108:      for (j = 0; j < 10; j++)           		//loop chosen cards
branch  0 taken 94%
branch  1 taken 6% (fallthrough)
        -:  109:	{
   310000:  110:	  if (kingdomCards[j] == i)
branch  0 taken 6% (fallthrough)
branch  1 taken 94%
        -:  111:	    {
        -:  112:	      //check if card is a 'Victory' Kingdom card
    20000:  113:	      if (kingdomCards[j] == great_hall || kingdomCards[j] == gardens)
branch  0 taken 100% (fallthrough)
branch  1 taken 0%
branch  2 taken 10% (fallthrough)
branch  3 taken 90%
        -:  114:		{
     4000:  115:		  if (numPlayers == 2){ 
branch  0 taken 68% (fallthrough)
branch  1 taken 33%
     1350:  116:		    state->supplyCount[i] = 8; 
        -:  117:		  }
      650:  118:		  else{ state->supplyCount[i] = 12; }
        -:  119:		}
        -:  120:	      else
        -:  121:		{
    18000:  122:		  state->supplyCount[i] = 10;
        -:  123:		}
    20000:  124:	      break;
        -:  125:	    }
        -:  126:	  else    //card is not in the set choosen for the game
        -:  127:	    {
   290000:  128:	      state->supplyCount[i] = -1;
        -:  129:	    }
        -:  130:	}
        -:  131:
        -:  132:    }
        -:  133:
        -:  134:  ////////////////////////
        -:  135:  //supply intilization complete
        -:  136:
        -:  137:  //set player decks
     6650:  138:  for (i = 0; i < numPlayers; i++)
branch  0 taken 70%
branch  1 taken 30% (fallthrough)
        -:  139:    {
     4650:  140:      state->deckCount[i] = 0;
    18600:  141:      for (j = 0; j < 3; j++)
branch  0 taken 75%
branch  1 taken 25% (fallthrough)
        -:  142:	{
    13950:  143:	  state->deck[i][j] = estate;
    13950:  144:	  state->deckCount[i]++;
        -:  145:	}
    37200:  146:      for (j = 3; j < 10; j++)
branch  0 taken 88%
branch  1 taken 13% (fallthrough)
        -:  147:	{
    32550:  148:	  state->deck[i][j] = copper;
    32550:  149:	  state->deckCount[i]++;		
        -:  150:	}
        -:  151:    }
        -:  152:
        -:  153:  //shuffle player decks
     6650:  154:  for (i = 0; i < numPlayers; i++)
branch  0 taken 70%
branch  1 taken 30% (fallthrough)
        -:  155:    {
     4650:  156:      if ( shuffle(i, state) < 0 )
call    0 returned 100%
branch  1 taken 0% (fallthrough)
branch  2 taken 100%
        -:  157:	{
    #####:  158:	  return -1;
        -:  159:	}
        -:  160:    }
        -:  161:
        -:  162:  //draw player hands
     6650:  163:  for (i = 0; i < numPlayers; i++)
branch  0 taken 70%
branch  1 taken 30% (fallthrough)
        -:  164:    {  
        -:  165:      //initialize hand size to zero
     4650:  166:      state->handCount[i] = 0;
     4650:  167:      state->discardCount[i] = 0;
        -:  168:      //draw 5 cards
        -:  169:      // for (j = 0; j < 5; j++)
        -:  170:      //	{
        -:  171:      //	  drawCard(i, state);
        -:  172:      //	}
        -:  173:    }
        -:  174:  
        -:  175:  //set embargo tokens to 0 for all supply piles
    56000:  176:  for (i = 0; i <= treasure_map; i++)
branch  0 taken 96%
branch  1 taken 4% (fallthrough)
        -:  177:    {
    54000:  178:      state->embargoTokens[i] = 0;
        -:  179:    }
        -:  180:
        -:  181:  //initialize first player's turn
     2000:  182:  state->outpostPlayed = 0;
     2000:  183:  state->phase = 0;
     2000:  184:  state->numActions = 1;
     2000:  185:  state->numBuys = 1;
     2000:  186:  state->playedCardCount = 0;
     2000:  187:  state->whoseTurn = 0;
     2000:  188:  state->handCount[state->whoseTurn] = 0;
        -:  189:  //int it; move to top
        -:  190:
        -:  191:  //Moved draw cards to here, only drawing at the start of a turn
    12000:  192:  for (it = 0; it < 5; it++){
branch  0 taken 83%
branch  1 taken 17% (fallthrough)
    10000:  193:    drawCard(state->whoseTurn, state);
call    0 returned 100%
        -:  194:  }
        -:  195:
     2000:  196:  updateCoins(state->whoseTurn, state, 0);
call    0 returned 100%
        -:  197:
     2000:  198:  return 0;
        -:  199:}
        -:  200:
function shuffle called 12870 returned 100% blocks executed 100%
    12870:  201:int shuffle(int player, struct gameState *state) {
        -:  202: 
        -:  203:  int newDeck[MAX_DECK];
    12870:  204:  int newDeckPos = 0;
        -:  205:  int card;
        -:  206:  int i;
        -:  207:
    12870:  208:  if (state->deckCount[player] < 1)
branch  0 taken 64% (fallthrough)
branch  1 taken 36%
     8220:  209:    return -1;
     4650:  210:  qsort ((void*)(state->deck[player]), state->deckCount[player], sizeof(int), compare); 
call    0 returned 100%
        -:  211:  /* SORT CARDS IN DECK TO ENSURE DETERMINISM! */
        -:  212:
    55800:  213:  while (state->deckCount[player] > 0) {
branch  0 taken 91%
branch  1 taken 9% (fallthrough)
    46500:  214:    card = floor(Random() * state->deckCount[player]);
call    0 returned 100%
    46500:  215:    newDeck[newDeckPos] = state->deck[player][card];
    46500:  216:    newDeckPos++;
   162278:  217:    for (i = card; i < state->deckCount[player]-1; i++) {
branch  0 taken 71%
branch  1 taken 29% (fallthrough)
   115778:  218:      state->deck[player][i] = state->deck[player][i+1];
        -:  219:    }
    46500:  220:    state->deckCount[player]--;
        -:  221:  }
    51150:  222:  for (i = 0; i < newDeckPos; i++) {
branch  0 taken 91%
branch  1 taken 9% (fallthrough)
    46500:  223:    state->deck[player][i] = newDeck[i];
    46500:  224:    state->deckCount[player]++;
        -:  225:  }
        -:  226:
     4650:  227:  return 0;
        -:  228:}
        -:  229:
function playCard called 2000 returned 100% blocks executed 73%
     2000:  230:int playCard(int handPos, int choice1, int choice2, int choice3, struct gameState *state) 
        -:  231:{	
        -:  232:  int card;
     2000:  233:  int coin_bonus = 0; 		//tracks coins gain from actions
        -:  234:
        -:  235:  //check if it is the right phase
     2000:  236:  if (state->phase != 0)
branch  0 taken 0% (fallthrough)
branch  1 taken 100%
        -:  237:    {
    #####:  238:      return -1;
        -:  239:    }
        -:  240:	
        -:  241:  //check if player has enough actions
     2000:  242:  if ( state->numActions < 1 )
branch  0 taken 0% (fallthrough)
branch  1 taken 100%
        -:  243:    {
    #####:  244:      return -1;
        -:  245:    }
        -:  246:	
        -:  247:  //get card played
     2000:  248:  card = handCard(handPos, state);
call    0 returned 100%
        -:  249:	
        -:  250:  //check if selected card is an action
     2000:  251:  if ( card < adventurer || card > treasure_map )
branch  0 taken 100% (fallthrough)
branch  1 taken 0%
branch  2 taken 0% (fallthrough)
branch  3 taken 100%
        -:  252:    {
    #####:  253:      return -1;
        -:  254:    }
        -:  255:	
        -:  256:  //play card
     2000:  257:  if ( cardEffect(card, choice1, choice2, choice3, state, handPos, &coin_bonus) < 0 )
call    0 returned 100%
branch  1 taken 0% (fallthrough)
branch  2 taken 100%
        -:  258:    {
    #####:  259:      return -1;
        -:  260:    }
        -:  261:	
        -:  262:  //reduce number of actions
     2000:  263:  state->numActions--;
        -:  264:
        -:  265:  //update coins (Treasure cards may be added with card draws)
     2000:  266:  updateCoins(state->whoseTurn, state, coin_bonus);
call    0 returned 100%
        -:  267:	
     2000:  268:  return 0;
        -:  269:}
        -:  270:
function buyCard called 0 returned 0% blocks executed 0%
    #####:  271:int buyCard(int supplyPos, struct gameState *state) {
        -:  272:  int who;
        -:  273:  if (DEBUG){
        -:  274:    printf("Entering buyCard...\n");
        -:  275:  }
        -:  276:
        -:  277:  // I don't know what to do about the phase thing.
        -:  278:
    #####:  279:  who = state->whoseTurn;
        -:  280:
    #####:  281:  if (state->numBuys < 1){
branch  0 never executed
branch  1 never executed
        -:  282:    if (DEBUG)
        -:  283:      printf("You do not have any buys left\n");
    #####:  284:    return -1;
    #####:  285:  } else if (supplyCount(supplyPos, state) <1){
call    0 never executed
branch  1 never executed
branch  2 never executed
        -:  286:    if (DEBUG)
        -:  287:      printf("There are not any of that type of card left\n");
    #####:  288:    return -1;
    #####:  289:  } else if (state->coins < getCost(supplyPos)){
call    0 never executed
branch  1 never executed
branch  2 never executed
        -:  290:    if (DEBUG) 
        -:  291:      printf("You do not have enough money to buy that. You have %d coins.\n", state->coins);
    #####:  292:    return -1;
        -:  293:  } else {
    #####:  294:    state->phase=1;
        -:  295:    //state->supplyCount[supplyPos]--;
    #####:  296:    gainCard(supplyPos, state, 0, who); //card goes in discard, this might be wrong.. (2 means goes into hand, 0 goes into discard)
call    0 never executed
        -:  297:  
    #####:  298:    state->coins = (state->coins) - (getCost(supplyPos));
call    0 never executed
    #####:  299:    state->numBuys--;
        -:  300:    if (DEBUG)
        -:  301:      printf("You bought card number %d for %d coins. You now have %d buys and %d coins.\n", supplyPos, getCost(supplyPos), state->numBuys, state->coins);
        -:  302:  }
        -:  303:
        -:  304:  //state->discard[who][state->discardCount[who]] = supplyPos;
        -:  305:  //state->discardCount[who]++;
        -:  306:    
    #####:  307:  return 0;
        -:  308:}
        -:  309:
function numHandCards called 0 returned 0% blocks executed 0%
    #####:  310:int numHandCards(struct gameState *state) {
    #####:  311:  return state->handCount[ whoseTurn(state) ];
call    0 never executed
        -:  312:}
        -:  313:
function handCard called 2000 returned 100% blocks executed 100%
     2000:  314:int handCard(int handPos, struct gameState *state) {
     2000:  315:  int currentPlayer = whoseTurn(state);
call    0 returned 100%
     2000:  316:  return state->hand[currentPlayer][handPos];
        -:  317:}
        -:  318:
function supplyCount called 2000 returned 100% blocks executed 100%
     2000:  319:int supplyCount(int card, struct gameState *state) {
     2000:  320:  return state->supplyCount[card];
        -:  321:}
        -:  322:
function fullDeckCount called 0 returned 0% blocks executed 0%
    #####:  323:int fullDeckCount(int player, int card, struct gameState *state) {
        -:  324:  int i;
    #####:  325:  int count = 0;
        -:  326:
    #####:  327:  for (i = 0; i < state->deckCount[player]; i++)
branch  0 never executed
branch  1 never executed
        -:  328:    {
    #####:  329:      if (state->deck[player][i] == card) count++;
branch  0 never executed
branch  1 never executed
        -:  330:    }
        -:  331:
    #####:  332:  for (i = 0; i < state->handCount[player]; i++)
branch  0 never executed
branch  1 never executed
        -:  333:    {
    #####:  334:      if (state->hand[player][i] == card) count++;
branch  0 never executed
branch  1 never executed
        -:  335:    }
        -:  336:
    #####:  337:  for (i = 0; i < state->discardCount[player]; i++)
branch  0 never executed
branch  1 never executed
        -:  338:    {
    #####:  339:      if (state->discard[player][i] == card) count++;
branch  0 never executed
branch  1 never executed
        -:  340:    }
        -:  341:
    #####:  342:  return count;
        -:  343:}
        -:  344:
function whoseTurn called 6000 returned 100% blocks executed 100%
     6000:  345:int whoseTurn(struct gameState *state) {
     6000:  346:  return state->whoseTurn;
        -:  347:}
        -:  348:
function endTurn called 0 returned 0% blocks executed 0%
    #####:  349:int endTurn(struct gameState *state) {
        -:  350:  int k;
        -:  351:  int i;
    #####:  352:  int currentPlayer = whoseTurn(state);
call    0 never executed
        -:  353:  
        -:  354:  //Discard hand
    #####:  355:  for (i = 0; i < state->handCount[currentPlayer]; i++){
branch  0 never executed
branch  1 never executed
    #####:  356:    state->discard[currentPlayer][state->discardCount[currentPlayer]++] = state->hand[currentPlayer][i];//Discard
    #####:  357:    state->hand[currentPlayer][i] = -1;//Set card to -1
        -:  358:  }
    #####:  359:  state->handCount[currentPlayer] = 0;//Reset hand count
        -:  360:    
        -:  361:  //Code for determining the player
    #####:  362:  if (currentPlayer < (state->numPlayers - 1)){ 
branch  0 never executed
branch  1 never executed
    #####:  363:    state->whoseTurn = currentPlayer + 1;//Still safe to increment
        -:  364:  }
        -:  365:  else{
    #####:  366:    state->whoseTurn = 0;//Max player has been reached, loop back around to player 1
        -:  367:  }
        -:  368:
    #####:  369:  state->outpostPlayed = 0;
    #####:  370:  state->phase = 0;
    #####:  371:  state->numActions = 1;
    #####:  372:  state->coins = 0;
    #####:  373:  state->numBuys = 1;
    #####:  374:  state->playedCardCount = 0;
    #####:  375:  state->handCount[state->whoseTurn] = 0;
        -:  376:
        -:  377:  //int k; move to top
        -:  378:  //Next player draws hand
    #####:  379:  for (k = 0; k < 5; k++){
branch  0 never executed
branch  1 never executed
    #####:  380:    drawCard(state->whoseTurn, state);//Draw a card
call    0 never executed
        -:  381:  }
        -:  382:
        -:  383:  //Update money
    #####:  384:  updateCoins(state->whoseTurn, state , 0);
call    0 never executed
        -:  385:
    #####:  386:  return 0;
        -:  387:}
        -:  388:
function isGameOver called 0 returned 0% blocks executed 0%
    #####:  389:int isGameOver(struct gameState *state) {
        -:  390:  int i;
        -:  391:  int j;
        -:  392:	
        -:  393:  //if stack of Province cards is empty, the game ends
    #####:  394:  if (state->supplyCount[province] == 0)
branch  0 never executed
branch  1 never executed
        -:  395:    {
    #####:  396:      return 1;
        -:  397:    }
        -:  398:
        -:  399:  //if three supply pile are at 0, the game ends
    #####:  400:  j = 0;
    #####:  401:  for (i = 0; i < 25; i++)
branch  0 never executed
branch  1 never executed
        -:  402:    {
    #####:  403:      if (state->supplyCount[i] == 0)
branch  0 never executed
branch  1 never executed
        -:  404:	{
    #####:  405:	  j++;
        -:  406:	}
        -:  407:    }
    #####:  408:  if ( j >= 3)
branch  0 never executed
branch  1 never executed
        -:  409:    {
    #####:  410:      return 1;
        -:  411:    }
        -:  412:
    #####:  413:  return 0;
        -:  414:}
        -:  415:
function scoreFor called 0 returned 0% blocks executed 0%
    #####:  416:int scoreFor (int player, struct gameState *state) {
        -:  417:
        -:  418:  int i;
    #####:  419:  int score = 0;
        -:  420:  //score from hand
    #####:  421:  for (i = 0; i < state->handCount[player]; i++)
branch  0 never executed
branch  1 never executed
        -:  422:    {
    #####:  423:      if (state->hand[player][i] == curse) { score = score - 1; };
branch  0 never executed
branch  1 never executed
    #####:  424:      if (state->hand[player][i] == estate) { score = score + 1; };
branch  0 never executed
branch  1 never executed
    #####:  425:      if (state->hand[player][i] == duchy) { score = score + 3; };
branch  0 never executed
branch  1 never executed
    #####:  426:      if (state->hand[player][i] == province) { score = score + 6; };
branch  0 never executed
branch  1 never executed
    #####:  427:      if (state->hand[player][i] == great_hall) { score = score + 1; };
branch  0 never executed
branch  1 never executed
    #####:  428:      if (state->hand[player][i] == gardens) { score = score + ( fullDeckCount(player, 0, state) / 10 ); };
branch  0 never executed
branch  1 never executed
call    2 never executed
        -:  429:    }
        -:  430:
        -:  431:  //score from discard
    #####:  432:  for (i = 0; i < state->discardCount[player]; i++)
branch  0 never executed
branch  1 never executed
        -:  433:    {
    #####:  434:      if (state->discard[player][i] == curse) { score = score - 1; };
branch  0 never executed
branch  1 never executed
    #####:  435:      if (state->discard[player][i] == estate) { score = score + 1; };
branch  0 never executed
branch  1 never executed
    #####:  436:      if (state->discard[player][i] == duchy) { score = score + 3; };
branch  0 never executed
branch  1 never executed
    #####:  437:      if (state->discard[player][i] == province) { score = score + 6; };
branch  0 never executed
branch  1 never executed
    #####:  438:      if (state->discard[player][i] == great_hall) { score = score + 1; };
branch  0 never executed
branch  1 never executed
    #####:  439:      if (state->discard[player][i] == gardens) { score = score + ( fullDeckCount(player, 0, state) / 10 ); };
branch  0 never executed
branch  1 never executed
call    2 never executed
        -:  440:    }
        -:  441:
        -:  442:  //score from deck
    #####:  443:  for (i = 0; i < state->discardCount[player]; i++)
branch  0 never executed
branch  1 never executed
        -:  444:    {
    #####:  445:      if (state->deck[player][i] == curse) { score = score - 1; };
branch  0 never executed
branch  1 never executed
    #####:  446:      if (state->deck[player][i] == estate) { score = score + 1; };
branch  0 never executed
branch  1 never executed
    #####:  447:      if (state->deck[player][i] == duchy) { score = score + 3; };
branch  0 never executed
branch  1 never executed
    #####:  448:      if (state->deck[player][i] == province) { score = score + 6; };
branch  0 never executed
branch  1 never executed
    #####:  449:      if (state->deck[player][i] == great_hall) { score = score + 1; };
branch  0 never executed
branch  1 never executed
    #####:  450:      if (state->deck[player][i] == gardens) { score = score + ( fullDeckCount(player, 0, state) / 10 ); };
branch  0 never executed
branch  1 never executed
call    2 never executed
        -:  451:    }
        -:  452:
    #####:  453:  return score;
        -:  454:}
        -:  455:
function getWinners called 0 returned 0% blocks executed 0%
    #####:  456:int getWinners(int players[MAX_PLAYERS], struct gameState *state) {
        -:  457:  int i;	
        -:  458:  int j;
        -:  459:  int highScore;
        -:  460:  int currentPlayer;
        -:  461:
        -:  462:  //get score for each player
    #####:  463:  for (i = 0; i < MAX_PLAYERS; i++)
branch  0 never executed
branch  1 never executed
        -:  464:    {
        -:  465:      //set unused player scores to -9999
    #####:  466:      if (i >= state->numPlayers)
branch  0 never executed
branch  1 never executed
        -:  467:	{
    #####:  468:	  players[i] = -9999;
        -:  469:	}
        -:  470:      else
        -:  471:	{
    #####:  472:	  players[i] = scoreFor (i, state);
call    0 never executed
        -:  473:	}
        -:  474:    }
        -:  475:
        -:  476:  //find highest score
    #####:  477:  j = 0;
    #####:  478:  for (i = 0; i < MAX_PLAYERS; i++)
branch  0 never executed
branch  1 never executed
        -:  479:    {
    #####:  480:      if (players[i] > players[j])
branch  0 never executed
branch  1 never executed
        -:  481:	{
    #####:  482:	  j = i;
        -:  483:	}
        -:  484:    }
    #####:  485:  highScore = players[j];
        -:  486:
        -:  487:  //add 1 to players who had less turns
    #####:  488:  currentPlayer = whoseTurn(state);
call    0 never executed
    #####:  489:  for (i = 0; i < MAX_PLAYERS; i++)
branch  0 never executed
branch  1 never executed
        -:  490:    {
    #####:  491:      if ( players[i] == highScore && i > currentPlayer )
branch  0 never executed
branch  1 never executed
branch  2 never executed
branch  3 never executed
        -:  492:	{
    #####:  493:	  players[i]++;
        -:  494:	}
        -:  495:    }
        -:  496:
        -:  497:  //find new highest score
    #####:  498:  j = 0;
    #####:  499:  for (i = 0; i < MAX_PLAYERS; i++)
branch  0 never executed
branch  1 never executed
        -:  500:    {
    #####:  501:      if ( players[i] > players[j] )
branch  0 never executed
branch  1 never executed
        -:  502:	{
    #####:  503:	  j = i;
        -:  504:	}
        -:  505:    }
    #####:  506:  highScore = players[j];
        -:  507:
        -:  508:  //set winners in array to 1 and rest to 0
    #####:  509:  for (i = 0; i < MAX_PLAYERS; i++)
branch  0 never executed
branch  1 never executed
        -:  510:    {
    #####:  511:      if ( players[i] == highScore )
branch  0 never executed
branch  1 never executed
        -:  512:	{
    #####:  513:	  players[i] = 1;
        -:  514:	}
        -:  515:      else
        -:  516:	{
    #####:  517:	  players[i] = 0;
        -:  518:	}
        -:  519:    }
        -:  520:
    #####:  521:  return 0;
        -:  522:}
        -:  523:
function drawCard called 29920 returned 100% blocks executed 85%
    29920:  524:int drawCard(int player, struct gameState *state)
        -:  525:{	int count;
        -:  526:  int deckCounter;
    29920:  527:  if (state->deckCount[player] <= 0){//Deck is empty
branch  0 taken 14% (fallthrough)
branch  1 taken 86%
        -:  528:    
        -:  529:    //Step 1 Shuffle the discard pile back into a deck
        -:  530:    int i;
        -:  531:    //Move discard to deck
     4110:  532:    for (i = 0; i < state->discardCount[player];i++){
branch  0 taken 0%
branch  1 taken 100% (fallthrough)
    #####:  533:      state->deck[player][i] = state->discard[player][i];
    #####:  534:      state->discard[player][i] = -1;
        -:  535:    }
        -:  536:
     4110:  537:    state->deckCount[player] = state->discardCount[player];
     4110:  538:    state->discardCount[player] = 0;//Reset discard
        -:  539:
        -:  540:    //Shufffle the deck
     4110:  541:    shuffle(player, state);//Shuffle the deck up and make it so that we can draw
call    0 returned 100%
        -:  542:   
        -:  543:    if (DEBUG){//Debug statements
        -:  544:      printf("Deck count now: %d\n", state->deckCount[player]);
        -:  545:    }
        -:  546:    
     4110:  547:    state->discardCount[player] = 0;
        -:  548:
        -:  549:    //Step 2 Draw Card
     4110:  550:    count = state->handCount[player];//Get current player's hand count
        -:  551:    
        -:  552:    if (DEBUG){//Debug statements
        -:  553:      printf("Current hand count: %d\n", count);
        -:  554:    }
        -:  555:    
     4110:  556:    deckCounter = state->deckCount[player];//Create a holder for the deck count
        -:  557:
     4110:  558:    if (deckCounter == 0)
branch  0 taken 100% (fallthrough)
branch  1 taken 0%
     4110:  559:      return -1;
        -:  560:
    #####:  561:    state->hand[player][count] = state->deck[player][deckCounter - 1];//Add card to hand
    #####:  562:    state->deckCount[player]--;
    #####:  563:    state->handCount[player]++;//Increment hand count
        -:  564:  }
        -:  565:
        -:  566:  else{
    25810:  567:    int count = state->handCount[player];//Get current hand count for player
        -:  568:    int deckCounter;
        -:  569:    if (DEBUG){//Debug statements
        -:  570:      printf("Current hand count: %d\n", count);
        -:  571:    }
        -:  572:
    25810:  573:    deckCounter = state->deckCount[player];//Create holder for the deck count
    25810:  574:    state->hand[player][count] = state->deck[player][deckCounter - 1];//Add card to the hand
    25810:  575:    state->deckCount[player]--;
    25810:  576:    state->handCount[player]++;//Increment hand count
        -:  577:  }
        -:  578:
    25810:  579:  return 0;
        -:  580:}
        -:  581:
function getCost called 0 returned 0% blocks executed 0%
    #####:  582:int getCost(int cardNumber)
        -:  583:{
    #####:  584:  switch( cardNumber ) 
branch  0 never executed
branch  1 never executed
branch  2 never executed
branch  3 never executed
branch  4 never executed
branch  5 never executed
branch  6 never executed
branch  7 never executed
branch  8 never executed
branch  9 never executed
branch 10 never executed
branch 11 never executed
branch 12 never executed
branch 13 never executed
branch 14 never executed
branch 15 never executed
branch 16 never executed
branch 17 never executed
branch 18 never executed
branch 19 never executed
branch 20 never executed
branch 21 never executed
branch 22 never executed
branch 23 never executed
branch 24 never executed
branch 25 never executed
branch 26 never executed
branch 27 never executed
        -:  585:    {
        -:  586:    case curse:
    #####:  587:      return 0;
        -:  588:    case estate:
    #####:  589:      return 2;
        -:  590:    case duchy:
    #####:  591:      return 5;
        -:  592:    case province:
    #####:  593:      return 8;
        -:  594:    case copper:
    #####:  595:      return 0;
        -:  596:    case silver:
    #####:  597:      return 3;
        -:  598:    case gold:
    #####:  599:      return 6;
        -:  600:    case adventurer:
    #####:  601:      return 6;
        -:  602:    case council_room:
    #####:  603:      return 5;
        -:  604:    case feast:
    #####:  605:      return 4;
        -:  606:    case gardens:
    #####:  607:      return 4;
        -:  608:    case mine:
    #####:  609:      return 5;
        -:  610:    case remodel:
    #####:  611:      return 4;
        -:  612:    case smithy:
    #####:  613:      return 4;
        -:  614:    case village:
    #####:  615:      return 3;
        -:  616:    case baron:
    #####:  617:      return 4;
        -:  618:    case great_hall:
    #####:  619:      return 3;
        -:  620:    case minion:
    #####:  621:      return 5;
        -:  622:    case steward:
    #####:  623:      return 3;
        -:  624:    case tribute:
    #####:  625:      return 5;
        -:  626:    case ambassador:
    #####:  627:      return 3;
        -:  628:    case cutpurse:
    #####:  629:      return 4;
        -:  630:    case embargo: 
    #####:  631:      return 2;
        -:  632:    case outpost:
    #####:  633:      return 5;
        -:  634:    case salvager:
    #####:  635:      return 4;
        -:  636:    case sea_hag:
    #####:  637:      return 4;
        -:  638:    case treasure_map:
    #####:  639:      return 4;
        -:  640:    }
        -:  641:	
    #####:  642:  return -1;
        -:  643:}
        -:  644:
function adventurerFunction called 2000 returned 100% blocks executed 100%
     2000:  645:void adventurerFunction(struct gameState *state){
     2000:  646:	int drawntreasure = 1;
     2000:  647:	int currentPlayer = whoseTurn(state);
call    0 returned 100%
     2000:  648:	int z = 0;
        -:  649:	int cardDrawn;
        -:  650:	int temphand[MAX_HAND];
        -:  651:	
    23920:  652:	while(drawntreasure<2){
branch  0 taken 91%
branch  1 taken 9% (fallthrough)
        -:  653:
    19920:  654:        	if (state->deckCount[currentPlayer] <1){//if the deck is empty we need to shuffle discard and add to deck
branch  0 taken 21% (fallthrough)
branch  1 taken 79%
     4110:  655:          		shuffle(currentPlayer, state);
call    0 returned 100%
     4110:  656:			z = 0;
        -:  657:        	}
    19920:  658:        	drawCard(currentPlayer, state);
call    0 returned 100%
    19920:  659:        	cardDrawn = state->hand[currentPlayer][state->handCount[currentPlayer]-1];//top card of hand is most recently drawn card.
        -:  660:
        -:  661:
    19920:  662:        	if (cardDrawn == copper || cardDrawn == silver || cardDrawn == gold){
branch  0 taken 96% (fallthrough)
branch  1 taken 4%
branch  2 taken 97% (fallthrough)
branch  3 taken 3%
branch  4 taken 3% (fallthrough)
branch  5 taken 97%
     2000:  663:          		drawntreasure++;
        -:  664:		}
        -:  665:        	else{
    17920:  666:          		temphand[z]=cardDrawn;
    17920:  667:          		state->handCount[currentPlayer]--; //this should just remove the top card (the most recently drawn one).
    17920:  668:         		 z++;
        -:  669:        	}
        -:  670:      	}
        -:  671:
    17454:  672:      while(z-1>=0){
branch  0 taken 87%
branch  1 taken 13% (fallthrough)
    13454:  673:		state->discard[currentPlayer][state->discardCount[currentPlayer]++]=temphand[z-1]; // discard all cards in play that have been drawn
    13454:  674:        	z=z-1;
        -:  675:      }
        -:  676:
     2000:  677:      return;
        -:  678:}
        -:  679:
function smithyFunction called 0 returned 0% blocks executed 0%
    #####:  680:void smithyFunction(struct gameState *state, int handPos){
        -:  681:	int i;
    #####:  682:	int currentPlayer = whoseTurn(state);
call    0 never executed
        -:  683://+3 Cards
    #####:  684:	for (i = 0; i <= 3; i++)
branch  0 never executed
branch  1 never executed
        -:  685:	{
    #####:  686:		drawCard(currentPlayer, state);
call    0 never executed
        -:  687:        }
        -:  688:
        -:  689://discard card from hand
    #####:  690:        discardCard(handPos, currentPlayer, state, 0);
call    0 never executed
        -:  691:
    #####:  692:        return;
        -:  693:}
        -:  694:
function gardensFunction called 0 returned 0% blocks executed 0%
    #####:  695:int gardensFunction(){
    #####:  696:	return -1;
        -:  697:}
        -:  698:
function villageFunction called 0 returned 0% blocks executed 0%
    #####:  699:void villageFunction(struct gameState *state, int handPos){
    #####:  700:	int currentPlayer = whoseTurn(state);
call    0 never executed
        -:  701://+1 Card
    #####:  702:	drawCard(currentPlayer, state);
call    0 never executed
    #####:  703:	drawCard(currentPlayer, state);
call    0 never executed
        -:  704:
        -:  705://+2 Actions
    #####:  706:      	state->numActions = state->numActions + 1;
        -:  707:      
        -:  708://discard played card from hand
    #####:  709:        discardCard(handPos, currentPlayer, state, 0);
call    0 never executed
        -:  710:      		
    #####:  711:	return;
        -:  712:}
        -:  713:
function greatHallFunction called 0 returned 0% blocks executed 0%
    #####:  714:void greatHallFunction(struct gameState *state, int handPos){
    #####:  715:	int currentPlayer = whoseTurn(state);
call    0 never executed
        -:  716://+1 Card
    #####:  717:	drawCard(currentPlayer, state);
call    0 never executed
        -:  718:
        -:  719://+1 Actions
    #####:  720:	state->numActions++;
        -:  721:
    #####:  722:	return;
        -:  723:}
        -:  724:
function cardEffect called 2000 returned 100% blocks executed 3%
     2000:  725:int cardEffect(int card, int choice1, int choice2, int choice3, struct gameState *state, int handPos, int *bonus)
        -:  726:{
        -:  727:  int i;
        -:  728:  int j;
        -:  729:  int k;
        -:  730:  int x;
        -:  731:  int index;
     2000:  732:  int currentPlayer = whoseTurn(state);
call    0 returned 100%
     2000:  733:  int nextPlayer = currentPlayer + 1;
     2000:  734:  int gardenResult = 0;
        -:  735:
     2000:  736:  int tributeRevealedCards[2] = {-1, -1};
        -:  737:  int temphand[MAX_HAND];// moved above the if statement
     2000:  738:  if (nextPlayer > (state->numPlayers - 1)){
branch  0 taken 50% (fallthrough)
branch  1 taken 50%
     1001:  739:    nextPlayer = 0;
        -:  740:  }
        -:  741:  
        -:  742:	
        -:  743:  //uses switch to select card and perform actions
     2000:  744:  switch( card ) 
branch  0 taken 100%
branch  1 taken 0%
branch  2 taken 0%
branch  3 taken 0%
branch  4 taken 0%
branch  5 taken 0%
branch  6 taken 0%
branch  7 taken 0%
branch  8 taken 0%
branch  9 taken 0%
branch 10 taken 0%
branch 11 taken 0%
branch 12 taken 0%
branch 13 taken 0%
branch 14 taken 0%
branch 15 taken 0%
branch 16 taken 0%
branch 17 taken 0%
branch 18 taken 0%
branch 19 taken 0%
branch 20 taken 0%
        -:  745:    {
        -:  746:    case adventurer:
        -:  747:     //Call adventurer() Function
     2000:  748:      adventurerFunction(state);
call    0 returned 100%
     2000:  749:      return 0;
        -:  750:			
        -:  751:    case council_room:
        -:  752:      //+4 Cards
    #####:  753:      for (i = 0; i < 4; i++)
branch  0 never executed
branch  1 never executed
        -:  754:	{
    #####:  755:	  drawCard(currentPlayer, state);
call    0 never executed
        -:  756:	}
        -:  757:			
        -:  758:      //+1 Buy
    #####:  759:      state->numBuys++;
        -:  760:			
        -:  761:      //Each other player draws a card
    #####:  762:      for (i = 0; i < state->numPlayers; i++)
branch  0 never executed
branch  1 never executed
        -:  763:	{
    #####:  764:	  if ( i != currentPlayer )
branch  0 never executed
branch  1 never executed
        -:  765:	    {
    #####:  766:	      drawCard(i, state);
call    0 never executed
        -:  767:	    }
        -:  768:	}
        -:  769:			
        -:  770:      //put played card in played card pile
    #####:  771:      discardCard(handPos, currentPlayer, state, 0);
call    0 never executed
        -:  772:			
    #####:  773:      return 0;
        -:  774:			
        -:  775:    case feast:
        -:  776:      //gain card with cost up to 5
        -:  777:      //Backup hand
    #####:  778:      for (i = 0; i <= state->handCount[currentPlayer]; i++){
branch  0 never executed
branch  1 never executed
    #####:  779:	temphand[i] = state->hand[currentPlayer][i];//Backup card
    #####:  780:	state->hand[currentPlayer][i] = -1;//Set to nothing
        -:  781:      }
        -:  782:      //Backup hand
        -:  783:
        -:  784:      //Update Coins for Buy
    #####:  785:      updateCoins(currentPlayer, state, 5);
call    0 never executed
    #####:  786:      x = 1;//Condition to loop on
    #####:  787:      while( x == 1) {//Buy one card
branch  0 never executed
branch  1 never executed
    #####:  788:	if (supplyCount(choice1, state) <= 0){
call    0 never executed
branch  1 never executed
branch  2 never executed
        -:  789:	  if (DEBUG)
        -:  790:	    printf("None of that card left, sorry!\n");
        -:  791:
        -:  792:	  if (DEBUG){
        -:  793:	    printf("Cards Left: %d\n", supplyCount(choice1, state));
        -:  794:	  }
        -:  795:	}
    #####:  796:	else if (state->coins < getCost(choice1)){
call    0 never executed
branch  1 never executed
branch  2 never executed
    #####:  797:	  printf("That card is too expensive!\n");
call    0 never executed
        -:  798:
        -:  799:	  if (DEBUG){
        -:  800:	    printf("Coins: %d < %d\n", state->coins, getCost(choice1));
        -:  801:	  }
        -:  802:	}
        -:  803:	else{
        -:  804:
        -:  805:	  if (DEBUG){
        -:  806:	    printf("Deck Count: %d\n", state->handCount[currentPlayer] + state->deckCount[currentPlayer] + state->discardCount[currentPlayer]);
        -:  807:	  }
        -:  808:
    #####:  809:	  gainCard(choice1, state, 0, currentPlayer);//Gain the card
call    0 never executed
    #####:  810:	  x = 0;//No more buying cards
        -:  811:
        -:  812:	  if (DEBUG){
        -:  813:	    printf("Deck Count: %d\n", state->handCount[currentPlayer] + state->deckCount[currentPlayer] + state->discardCount[currentPlayer]);
        -:  814:	  }
        -:  815:
        -:  816:	}
        -:  817:      }     
        -:  818:
        -:  819:      //Reset Hand
    #####:  820:      for (i = 0; i <= state->handCount[currentPlayer]; i++){
branch  0 never executed
branch  1 never executed
    #####:  821:	state->hand[currentPlayer][i] = temphand[i];
    #####:  822:	temphand[i] = -1;
        -:  823:      }
        -:  824:      //Reset Hand
        -:  825:      			
    #####:  826:      return 0;
        -:  827:			
        -:  828:    case gardens:
        -:  829:      //Call gardens() Function
    #####:  830:      gardenResult = gardensFunction();      
call    0 never executed
    #####:  831:      return gardenResult;
        -:  832:			
        -:  833:    case mine:
    #####:  834:      j = state->hand[currentPlayer][choice1];  //store card we will trash
        -:  835:
    #####:  836:      if (state->hand[currentPlayer][choice1] < copper || state->hand[currentPlayer][choice1] > gold)
branch  0 never executed
branch  1 never executed
branch  2 never executed
branch  3 never executed
        -:  837:	{
    #####:  838:	  return -1;
        -:  839:	}
        -:  840:		
    #####:  841:      if (choice2 > treasure_map || choice2 < curse)
branch  0 never executed
branch  1 never executed
branch  2 never executed
branch  3 never executed
        -:  842:	{
    #####:  843:	  return -1;
        -:  844:	}
        -:  845:
    #####:  846:      if ( (getCost(state->hand[currentPlayer][choice1]) + 3) > getCost(choice2) )
call    0 never executed
call    1 never executed
branch  2 never executed
branch  3 never executed
        -:  847:	{
    #####:  848:	  return -1;
        -:  849:	}
        -:  850:
    #####:  851:      gainCard(choice2, state, 2, currentPlayer);
call    0 never executed
        -:  852:
        -:  853:      //discard card from hand
    #####:  854:      discardCard(handPos, currentPlayer, state, 0);
call    0 never executed
        -:  855:
        -:  856:      //discard trashed card
    #####:  857:      for (i = 0; i < state->handCount[currentPlayer]; i++)
branch  0 never executed
branch  1 never executed
        -:  858:	{
    #####:  859:	  if (state->hand[currentPlayer][i] == j)
branch  0 never executed
branch  1 never executed
        -:  860:	    {
    #####:  861:	      discardCard(i, currentPlayer, state, 0);			
call    0 never executed
    #####:  862:	      break;
        -:  863:	    }
        -:  864:	}
        -:  865:			
    #####:  866:      return 0;
        -:  867:			
        -:  868:    case remodel:
    #####:  869:      j = state->hand[currentPlayer][choice1];  //store card we will trash
        -:  870:
    #####:  871:      if ( (getCost(state->hand[currentPlayer][choice1]) + 2) > getCost(choice2) )
call    0 never executed
call    1 never executed
branch  2 never executed
branch  3 never executed
        -:  872:	{
    #####:  873:	  return -1;
        -:  874:	}
        -:  875:
    #####:  876:      gainCard(choice2, state, 0, currentPlayer);
call    0 never executed
        -:  877:
        -:  878:      //discard card from hand
    #####:  879:      discardCard(handPos, currentPlayer, state, 0);
call    0 never executed
        -:  880:
        -:  881:      //discard trashed card
    #####:  882:      for (i = 0; i < state->handCount[currentPlayer]; i++)
branch  0 never executed
branch  1 never executed
        -:  883:	{
    #####:  884:	  if (state->hand[currentPlayer][i] == j)
branch  0 never executed
branch  1 never executed
        -:  885:	    {
    #####:  886:	      discardCard(i, currentPlayer, state, 0);			
call    0 never executed
    #####:  887:	      break;
        -:  888:	    }
        -:  889:	}
        -:  890:
        -:  891:
    #####:  892:      return 0;
        -:  893:		
        -:  894:    case smithy:
        -:  895:      //Call smithy() Function
    #####:  896:      smithyFunction(state, handPos);
call    0 never executed
    #####:  897:      return 0;
        -:  898:		
        -:  899:    case village:
        -:  900:      //Call village() Function
    #####:  901:      villageFunction(state, handPos);
call    0 never executed
    #####:  902:      return 0;
        -:  903:		
        -:  904:    case baron:
    #####:  905:      state->numBuys++;//Increase buys by 1!
    #####:  906:      if (choice1 > 0){//Boolean true or going to discard an estate
branch  0 never executed
branch  1 never executed
    #####:  907:	int p = 0;//Iterator for hand!
    #####:  908:	int card_not_discarded = 1;//Flag for discard set!
    #####:  909:	while(card_not_discarded){
branch  0 never executed
branch  1 never executed
    #####:  910:	  if (state->hand[currentPlayer][p] == estate){//Found an estate card!
branch  0 never executed
branch  1 never executed
    #####:  911:	    state->coins += 4;//Add 4 coins to the amount of coins
    #####:  912:	    state->discard[currentPlayer][state->discardCount[currentPlayer]] = state->hand[currentPlayer][p];
    #####:  913:	    state->discardCount[currentPlayer]++;
    #####:  914:	    for (;p < state->handCount[currentPlayer]; p++){
branch  0 never executed
branch  1 never executed
    #####:  915:	      state->hand[currentPlayer][p] = state->hand[currentPlayer][p+1];
        -:  916:	    }
    #####:  917:	    state->hand[currentPlayer][state->handCount[currentPlayer]] = -1;
    #####:  918:	    state->handCount[currentPlayer]--;
    #####:  919:	    card_not_discarded = 0;//Exit the loop
        -:  920:	  }
    #####:  921:	  else if (p > state->handCount[currentPlayer]){
branch  0 never executed
branch  1 never executed
        -:  922:	    if(DEBUG) {
        -:  923:	      printf("No estate cards in your hand, invalid choice\n");
        -:  924:	      printf("Must gain an estate if there are any\n");
        -:  925:	    }
    #####:  926:	    if (supplyCount(estate, state) > 0){
call    0 never executed
branch  1 never executed
branch  2 never executed
    #####:  927:	      gainCard(estate, state, 0, currentPlayer);
call    0 never executed
    #####:  928:	      state->supplyCount[estate]--;//Decrement estates
    #####:  929:	      if (supplyCount(estate, state) == 0){
call    0 never executed
branch  1 never executed
branch  2 never executed
    #####:  930:		isGameOver(state);
call    0 never executed
        -:  931:	      }
        -:  932:	    }
    #####:  933:	    card_not_discarded = 0;//Exit the loop
        -:  934:	  }
        -:  935:			    
        -:  936:	  else{
    #####:  937:	    p++;//Next card
        -:  938:	  }
        -:  939:	}
        -:  940:      }
        -:  941:			    
        -:  942:      else{
    #####:  943:	if (supplyCount(estate, state) > 0){
call    0 never executed
branch  1 never executed
branch  2 never executed
    #####:  944:	  gainCard(estate, state, 0, currentPlayer);//Gain an estate
call    0 never executed
    #####:  945:	  state->supplyCount[estate]--;//Decrement Estates
    #####:  946:	  if (supplyCount(estate, state) == 0){
call    0 never executed
branch  1 never executed
branch  2 never executed
    #####:  947:	    isGameOver(state);
call    0 never executed
        -:  948:	  }
        -:  949:	}
        -:  950:      }
        -:  951:	    
        -:  952:      
    #####:  953:      return 0;
        -:  954:		
        -:  955:    case great_hall:
        -:  956:      //Call greatHall()
    #####:  957:      greatHallFunction(state, handPos);
call    0 never executed
    #####:  958:      return 0;
        -:  959:		
        -:  960:    case minion:
        -:  961:      //+1 action
    #####:  962:      state->numActions++;
        -:  963:			
        -:  964:      //discard card from hand
    #####:  965:      discardCard(handPos, currentPlayer, state, 0);
call    0 never executed
        -:  966:			
    #####:  967:      if (choice1)		//+2 coins
branch  0 never executed
branch  1 never executed
        -:  968:	{
    #####:  969:	  state->coins = state->coins + 2;
        -:  970:	}
        -:  971:			
    #####:  972:      else if (choice2)		//discard hand, redraw 4, other players with 5+ cards discard hand and draw 4
branch  0 never executed
branch  1 never executed
        -:  973:	{
        -:  974:	  //discard hand
    #####:  975:	  while(numHandCards(state) > 0)
call    0 never executed
branch  1 never executed
branch  2 never executed
        -:  976:	    {
    #####:  977:	      discardCard(handPos, currentPlayer, state, 0);
call    0 never executed
        -:  978:	    }
        -:  979:				
        -:  980:	  //draw 4
    #####:  981:	  for (i = 0; i < 4; i++)
branch  0 never executed
branch  1 never executed
        -:  982:	    {
    #####:  983:	      drawCard(currentPlayer, state);
call    0 never executed
        -:  984:	    }
        -:  985:				
        -:  986:	  //other players discard hand and redraw if hand size > 4
    #####:  987:	  for (i = 0; i < state->numPlayers; i++)
branch  0 never executed
branch  1 never executed
        -:  988:	    {
    #####:  989:	      if (i != currentPlayer)
branch  0 never executed
branch  1 never executed
        -:  990:		{
    #####:  991:		  if ( state->handCount[i] > 4 )
branch  0 never executed
branch  1 never executed
        -:  992:		    {
        -:  993:		      //discard hand
    #####:  994:		      while( state->handCount[i] > 0 )
branch  0 never executed
branch  1 never executed
        -:  995:			{
    #####:  996:			  discardCard(handPos, i, state, 0);
call    0 never executed
        -:  997:			}
        -:  998:							
        -:  999:		      //draw 4
    #####: 1000:		      for (j = 0; j < 4; j++)
branch  0 never executed
branch  1 never executed
        -: 1001:			{
    #####: 1002:			  drawCard(i, state);
call    0 never executed
        -: 1003:			}
        -: 1004:		    }
        -: 1005:		}
        -: 1006:	    }
        -: 1007:				
        -: 1008:	}
    #####: 1009:      return 0;
        -: 1010:		
        -: 1011:    case steward:
    #####: 1012:      if (choice1 == 1)
branch  0 never executed
branch  1 never executed
        -: 1013:	{
        -: 1014:	  //+2 cards
    #####: 1015:	  drawCard(currentPlayer, state);
call    0 never executed
    #####: 1016:	  drawCard(currentPlayer, state);
call    0 never executed
        -: 1017:	}
    #####: 1018:      else if (choice1 == 2)
branch  0 never executed
branch  1 never executed
        -: 1019:	{
        -: 1020:	  //+2 coins
    #####: 1021:	  state->coins = state->coins + 2;
        -: 1022:	}
        -: 1023:      else
        -: 1024:	{
        -: 1025:	  //trash 2 cards in hand
    #####: 1026:	  discardCard(choice2, currentPlayer, state, 1);
call    0 never executed
    #####: 1027:	  discardCard(choice3, currentPlayer, state, 1);
call    0 never executed
        -: 1028:	}
        -: 1029:			
        -: 1030:      //discard card from hand
    #####: 1031:      discardCard(handPos, currentPlayer, state, 0);
call    0 never executed
    #####: 1032:      return 0;
        -: 1033:		
        -: 1034:    case tribute:
    #####: 1035:      if ((state->discardCount[nextPlayer] + state->deckCount[nextPlayer]) <= 1){
branch  0 never executed
branch  1 never executed
    #####: 1036:	if (state->deckCount[nextPlayer] > 0){
branch  0 never executed
branch  1 never executed
    #####: 1037:	  tributeRevealedCards[0] = state->deck[nextPlayer][state->deckCount[nextPlayer]-1];
    #####: 1038:	  state->deckCount[nextPlayer]--;
        -: 1039:	}
    #####: 1040:	else if (state->discardCount[nextPlayer] > 0){
branch  0 never executed
branch  1 never executed
    #####: 1041:	  tributeRevealedCards[0] = state->discard[nextPlayer][state->discardCount[nextPlayer]-1];
    #####: 1042:	  state->discardCount[nextPlayer]--;
        -: 1043:	}
        -: 1044:	else{
        -: 1045:	  //No Card to Reveal
        -: 1046:	  if (DEBUG){
        -: 1047:	    printf("No cards to reveal\n");
        -: 1048:	  }
        -: 1049:	}
        -: 1050:      }
        -: 1051:	    
        -: 1052:      else{
    #####: 1053:	if (state->deckCount[nextPlayer] == 0){
branch  0 never executed
branch  1 never executed
    #####: 1054:	  for (i = 0; i < state->discardCount[nextPlayer]; i++){
branch  0 never executed
branch  1 never executed
    #####: 1055:	    state->deck[nextPlayer][i] = state->discard[nextPlayer][i];//Move to deck
    #####: 1056:	    state->deckCount[nextPlayer]++;
    #####: 1057:	    state->discard[nextPlayer][i] = -1;
    #####: 1058:	    state->discardCount[nextPlayer]--;
        -: 1059:	  }
        -: 1060:			    
    #####: 1061:	  shuffle(nextPlayer,state);//Shuffle the deck
call    0 never executed
        -: 1062:	} 
    #####: 1063:	tributeRevealedCards[0] = state->deck[nextPlayer][state->deckCount[nextPlayer]-1];
    #####: 1064:	state->deck[nextPlayer][state->deckCount[nextPlayer]--] = -1;
    #####: 1065:	state->deckCount[nextPlayer]--;
    #####: 1066:	tributeRevealedCards[1] = state->deck[nextPlayer][state->deckCount[nextPlayer]-1];
    #####: 1067:	state->deck[nextPlayer][state->deckCount[nextPlayer]--] = -1;
    #####: 1068:	state->deckCount[nextPlayer]--;
        -: 1069:      }    
        -: 1070:		       
    #####: 1071:      if (tributeRevealedCards[0] == tributeRevealedCards[1]){//If we have a duplicate card, just drop one 
branch  0 never executed
branch  1 never executed
    #####: 1072:	state->playedCards[state->playedCardCount] = tributeRevealedCards[1];
    #####: 1073:	state->playedCardCount++;
    #####: 1074:	tributeRevealedCards[1] = -1;
        -: 1075:      }
        -: 1076:
    #####: 1077:      for (i = 0; i <= 2; i ++){
branch  0 never executed
branch  1 never executed
    #####: 1078:	if (tributeRevealedCards[i] == copper || tributeRevealedCards[i] == silver || tributeRevealedCards[i] == gold){//Treasure cards
branch  0 never executed
branch  1 never executed
branch  2 never executed
branch  3 never executed
branch  4 never executed
branch  5 never executed
    #####: 1079:	  state->coins += 2;
        -: 1080:	}
        -: 1081:		    
    #####: 1082:	else if (tributeRevealedCards[i] == estate || tributeRevealedCards[i] == duchy || tributeRevealedCards[i] == province || tributeRevealedCards[i] == gardens || tributeRevealedCards[i] == great_hall){//Victory Card Found
branch  0 never executed
branch  1 never executed
branch  2 never executed
branch  3 never executed
branch  4 never executed
branch  5 never executed
branch  6 never executed
branch  7 never executed
branch  8 never executed
branch  9 never executed
    #####: 1083:	  drawCard(currentPlayer, state);
call    0 never executed
    #####: 1084:	  drawCard(currentPlayer, state);
call    0 never executed
        -: 1085:	}
        -: 1086:	else{//Action Card
    #####: 1087:	  state->numActions = state->numActions + 2;
        -: 1088:	}
        -: 1089:      }
        -: 1090:	    
    #####: 1091:      return 0;
        -: 1092:		
        -: 1093:    case ambassador:
    #####: 1094:      j = 0;		//used to check if player has enough cards to discard
        -: 1095:
    #####: 1096:      if (choice2 > 2 || choice2 < 0)
branch  0 never executed
branch  1 never executed
branch  2 never executed
branch  3 never executed
        -: 1097:	{
    #####: 1098:	  return -1;				
        -: 1099:	}
        -: 1100:
    #####: 1101:      if (choice1 == handPos)
branch  0 never executed
branch  1 never executed
        -: 1102:	{
    #####: 1103:	  return -1;
        -: 1104:	}
        -: 1105:
    #####: 1106:      for (i = 0; i < state->handCount[currentPlayer]; i++)
branch  0 never executed
branch  1 never executed
        -: 1107:	{
    #####: 1108:	  if (i != handPos && i == state->hand[currentPlayer][choice1] && i != choice1)
branch  0 never executed
branch  1 never executed
branch  2 never executed
branch  3 never executed
branch  4 never executed
branch  5 never executed
        -: 1109:	    {
    #####: 1110:	      j++;
        -: 1111:	    }
        -: 1112:	}
    #####: 1113:      if (j < choice2)
branch  0 never executed
branch  1 never executed
        -: 1114:	{
    #####: 1115:	  return -1;				
        -: 1116:	}
        -: 1117:
        -: 1118:      if (DEBUG) 
        -: 1119:	printf("Player %d reveals card number: %d\n", currentPlayer, state->hand[currentPlayer][choice1]);
        -: 1120:
        -: 1121:      //increase supply count for choosen card by amount being discarded
    #####: 1122:      state->supplyCount[state->hand[currentPlayer][choice1]] += choice2;
        -: 1123:			
        -: 1124:      //each other player gains a copy of revealed card
    #####: 1125:      for (i = 0; i < state->numPlayers; i++)
branch  0 never executed
branch  1 never executed
        -: 1126:	{
    #####: 1127:	  if (i != currentPlayer)
branch  0 never executed
branch  1 never executed
        -: 1128:	    {
    #####: 1129:	      gainCard(state->hand[currentPlayer][choice1], state, 0, i);
call    0 never executed
        -: 1130:	    }
        -: 1131:	}
        -: 1132:
        -: 1133:      //discard played card from hand
    #####: 1134:      discardCard(handPos, currentPlayer, state, 0);			
call    0 never executed
        -: 1135:
        -: 1136:      //trash copies of cards returned to supply
    #####: 1137:      for (j = 0; j < choice2; j++)
branch  0 never executed
branch  1 never executed
        -: 1138:	{
    #####: 1139:	  for (i = 0; i < state->handCount[currentPlayer]; i++)
branch  0 never executed
branch  1 never executed
        -: 1140:	    {
    #####: 1141:	      if (state->hand[currentPlayer][i] == state->hand[currentPlayer][choice1])
branch  0 never executed
branch  1 never executed
        -: 1142:		{
    #####: 1143:		  discardCard(i, currentPlayer, state, 1);
call    0 never executed
    #####: 1144:		  break;
        -: 1145:		}
        -: 1146:	    }
        -: 1147:	}			
        -: 1148:
    #####: 1149:      return 0;
        -: 1150:		
        -: 1151:    case cutpurse:
        -: 1152:
    #####: 1153:      updateCoins(currentPlayer, state, 2);
call    0 never executed
    #####: 1154:      for (i = 0; i < state->numPlayers; i++)
branch  0 never executed
branch  1 never executed
        -: 1155:	{
    #####: 1156:	  if (i != currentPlayer)
branch  0 never executed
branch  1 never executed
        -: 1157:	    {
    #####: 1158:	      for (j = 0; j < state->handCount[i]; j++)
branch  0 never executed
branch  1 never executed
        -: 1159:		{
    #####: 1160:		  if (state->hand[i][j] == copper)
branch  0 never executed
branch  1 never executed
        -: 1161:		    {
    #####: 1162:		      discardCard(j, i, state, 0);
call    0 never executed
    #####: 1163:		      break;
        -: 1164:		    }
    #####: 1165:		  if (j == state->handCount[i])
branch  0 never executed
branch  1 never executed
        -: 1166:		    {
    #####: 1167:		      for (k = 0; k < state->handCount[i]; k++)
branch  0 never executed
branch  1 never executed
        -: 1168:			{
        -: 1169:			  if (DEBUG)
        -: 1170:			    printf("Player %d reveals card number %d\n", i, state->hand[i][k]);
        -: 1171:			}	
    #####: 1172:		      break;
        -: 1173:		    }		
        -: 1174:		}
        -: 1175:					
        -: 1176:	    }
        -: 1177:				
        -: 1178:	}				
        -: 1179:
        -: 1180:      //discard played card from hand
    #####: 1181:      discardCard(handPos, currentPlayer, state, 0);			
call    0 never executed
        -: 1182:
    #####: 1183:      return 0;
        -: 1184:
        -: 1185:		
        -: 1186:    case embargo: 
        -: 1187:      //+2 Coins
    #####: 1188:      state->coins = state->coins + 2;
        -: 1189:			
        -: 1190:      //see if selected pile is in play
    #####: 1191:      if ( state->supplyCount[choice1] == -1 )
branch  0 never executed
branch  1 never executed
        -: 1192:	{
    #####: 1193:	  return -1;
        -: 1194:	}
        -: 1195:			
        -: 1196:      //add embargo token to selected supply pile
    #####: 1197:      state->embargoTokens[choice1]++;
        -: 1198:			
        -: 1199:      //trash card
    #####: 1200:      discardCard(handPos, currentPlayer, state, 1);		
call    0 never executed
    #####: 1201:      return 0;
        -: 1202:		
        -: 1203:    case outpost:
        -: 1204:      //set outpost flag
    #####: 1205:      state->outpostPlayed++;
        -: 1206:			
        -: 1207:      //discard card
    #####: 1208:      discardCard(handPos, currentPlayer, state, 0);
call    0 never executed
    #####: 1209:      return 0;
        -: 1210:		
        -: 1211:    case salvager:
        -: 1212:      //+1 buy
    #####: 1213:      state->numBuys++;
        -: 1214:			
    #####: 1215:      if (choice1)
branch  0 never executed
branch  1 never executed
        -: 1216:	{
        -: 1217:	  //gain coins equal to trashed card
    #####: 1218:	  state->coins = state->coins + getCost( handCard(choice1, state) );
call    0 never executed
call    1 never executed
        -: 1219:	  //trash card
    #####: 1220:	  discardCard(choice1, currentPlayer, state, 1);	
call    0 never executed
        -: 1221:	}
        -: 1222:			
        -: 1223:      //discard card
    #####: 1224:      discardCard(handPos, currentPlayer, state, 0);
call    0 never executed
    #####: 1225:      return 0;
        -: 1226:		
        -: 1227:    case sea_hag:
    #####: 1228:      for (i = 0; i < state->numPlayers; i++){
branch  0 never executed
branch  1 never executed
    #####: 1229:	if (i != currentPlayer){
branch  0 never executed
branch  1 never executed
    #####: 1230:	  state->discard[i][state->discardCount[i]] = state->deck[i][state->deckCount[i]--];			    state->deckCount[i]--;
    #####: 1231:	  state->discardCount[i]++;
    #####: 1232:	  state->deck[i][state->deckCount[i]--] = curse;//Top card now a curse
        -: 1233:	}
        -: 1234:      }
    #####: 1235:      return 0;
        -: 1236:		
        -: 1237:    case treasure_map:
        -: 1238:      //search hand for another treasure_map
    #####: 1239:      index = -1;
    #####: 1240:      for (i = 0; i < state->handCount[currentPlayer]; i++)
branch  0 never executed
branch  1 never executed
        -: 1241:	{
    #####: 1242:	  if (state->hand[currentPlayer][i] == treasure_map && i != handPos)
branch  0 never executed
branch  1 never executed
branch  2 never executed
branch  3 never executed
        -: 1243:	    {
    #####: 1244:	      index = i;
    #####: 1245:	      break;
        -: 1246:	    }
        -: 1247:	}
    #####: 1248:      if (index > -1)
branch  0 never executed
branch  1 never executed
        -: 1249:	{
        -: 1250:	  //trash both treasure cards
    #####: 1251:	  discardCard(handPos, currentPlayer, state, 1);
call    0 never executed
    #####: 1252:	  discardCard(index, currentPlayer, state, 1);
call    0 never executed
        -: 1253:
        -: 1254:	  //gain 4 Gold cards
    #####: 1255:	  for (i = 0; i < 4; i++)
branch  0 never executed
branch  1 never executed
        -: 1256:	    {
    #####: 1257:	      gainCard(gold, state, 1, currentPlayer);
call    0 never executed
        -: 1258:	    }
        -: 1259:				
        -: 1260:	  //return success
    #####: 1261:	  return 1;
        -: 1262:	}
        -: 1263:			
        -: 1264:      //no second treasure_map found in hand
    #####: 1265:      return -1;
        -: 1266:    }
        -: 1267:	
    #####: 1268:  return -1;
        -: 1269:}
        -: 1270:
function discardCard called 0 returned 0% blocks executed 0%
    #####: 1271:int discardCard(int handPos, int currentPlayer, struct gameState *state, int trashFlag)
        -: 1272:{
        -: 1273:	
        -: 1274:  //if card is not trashed, added to Played pile 
    #####: 1275:  if (trashFlag < 1)
branch  0 never executed
branch  1 never executed
        -: 1276:    {
        -: 1277:      //add card to played pile
    #####: 1278:      state->playedCards[state->playedCardCount] = state->hand[currentPlayer][handPos]; 
    #####: 1279:      state->playedCardCount++;
        -: 1280:    }
        -: 1281:	
        -: 1282:  //set played card to -1
    #####: 1283:  state->hand[currentPlayer][handPos] = -1;
        -: 1284:	
        -: 1285:  //remove card from player's hand
    #####: 1286:  if ( handPos == (state->handCount[currentPlayer] - 1) ) 	//last card in hand array is played
branch  0 never executed
branch  1 never executed
        -: 1287:    {
        -: 1288:      //reduce number of cards in hand
    #####: 1289:      state->handCount[currentPlayer]--;
        -: 1290:    }
    #####: 1291:  else if ( state->handCount[currentPlayer] == 1 ) //only one card in hand
branch  0 never executed
branch  1 never executed
        -: 1292:    {
        -: 1293:      //reduce number of cards in hand
    #####: 1294:      state->handCount[currentPlayer]--;
        -: 1295:    }
        -: 1296:  else 	
        -: 1297:    {
        -: 1298:      //replace discarded card with last card in hand
    #####: 1299:      state->hand[currentPlayer][handPos] = state->hand[currentPlayer][ (state->handCount[currentPlayer] - 1)];
        -: 1300:      //set last card to -1
    #####: 1301:      state->hand[currentPlayer][state->handCount[currentPlayer] - 1] = -1;
        -: 1302:      //reduce number of cards in hand
    #####: 1303:      state->handCount[currentPlayer]--;
        -: 1304:    }
        -: 1305:	
    #####: 1306:  return 0;
        -: 1307:}
        -: 1308:
function gainCard called 2000 returned 100% blocks executed 70%
     2000: 1309:int gainCard(int supplyPos, struct gameState *state, int toFlag, int player)
        -: 1310:{
        -: 1311:  //Note: supplyPos is enum of choosen card
        -: 1312:	
        -: 1313:  //check if supply pile is empty (0) or card is not used in game (-1)
     2000: 1314:  if ( supplyCount(supplyPos, state) < 1 )
call    0 returned 100%
branch  1 taken 0% (fallthrough)
branch  2 taken 100%
        -: 1315:    {
    #####: 1316:      return -1;
        -: 1317:    }
        -: 1318:	
        -: 1319:  //added card for [whoseTurn] current player:
        -: 1320:  // toFlag = 0 : add to discard
        -: 1321:  // toFlag = 1 : add to deck
        -: 1322:  // toFlag = 2 : add to hand
        -: 1323:
     2000: 1324:  if (toFlag == 1)
branch  0 taken 0% (fallthrough)
branch  1 taken 100%
        -: 1325:    {
    #####: 1326:      state->deck[ player ][ state->deckCount[player] ] = supplyPos;
    #####: 1327:      state->deckCount[player]++;
        -: 1328:    }
     2000: 1329:  else if (toFlag == 2)
branch  0 taken 100% (fallthrough)
branch  1 taken 0%
        -: 1330:    {
     2000: 1331:      state->hand[ player ][ state->handCount[player] ] = supplyPos;
     2000: 1332:      state->handCount[player]++;
        -: 1333:    }
        -: 1334:  else
        -: 1335:    {
    #####: 1336:      state->discard[player][ state->discardCount[player] ] = supplyPos;
    #####: 1337:      state->discardCount[player]++;
        -: 1338:    }
        -: 1339:	
        -: 1340:  //decrease number in supply pile
     2000: 1341:  state->supplyCount[supplyPos]--;
        -: 1342:	 
     2000: 1343:  return 0;
        -: 1344:}
        -: 1345:
function updateCoins called 4000 returned 100% blocks executed 100%
     4000: 1346:int updateCoins(int player, struct gameState *state, int bonus)
        -: 1347:{
        -: 1348:  int i;
        -: 1349:	
        -: 1350:  //reset coin count
     4000: 1351:  state->coins = 0;
        -: 1352:
        -: 1353:  //add coins for each Treasure card in player's hand
   494223: 1354:  for (i = 0; i < state->handCount[player]; i++)
branch  0 taken 99%
branch  1 taken 1% (fallthrough)
        -: 1355:    {
   490223: 1356:      if (state->hand[player][i] == copper)
branch  0 taken 5% (fallthrough)
branch  1 taken 95%
        -: 1357:	{
    26673: 1358:	  state->coins += 1;
        -: 1359:	}
   463550: 1360:      else if (state->hand[player][i] == silver)
branch  0 taken 4% (fallthrough)
branch  1 taken 96%
        -: 1361:	{
    19640: 1362:	  state->coins += 2;
        -: 1363:	}
   443910: 1364:      else if (state->hand[player][i] == gold)
branch  0 taken 4% (fallthrough)
branch  1 taken 96%
        -: 1365:	{
    17891: 1366:	  state->coins += 3;
        -: 1367:	}	
        -: 1368:    }	
        -: 1369:
        -: 1370:  //add bonus
     4000: 1371:  state->coins += bonus;
        -: 1372:
     4000: 1373:  return 0;
        -: 1374:}
        -: 1375:
        -: 1376:
        -: 1377://end of dominion.c
        -: 1378:
