        -:    0:Source:dominion.c
        -:    0:Graph:dominion.gcno
        -:    0:Data:dominion.gcda
        -:    0:Runs:1
        -:    0:Programs:1
        -:    1:#include "dominion.h"
        -:    2:#include "dominion_helpers.h"
        -:    3:#include "rngs.h"
        -:    4:#include <stdio.h>
        -:    5:#include <math.h>
        -:    6:#include <stdlib.h>
        -:    7:
function compare called 0 returned 0% blocks executed 0%
    #####:    8:int compare(const void* a, const void* b) {
    #####:    9:  if (*(int*)a > *(int*)b)
branch  0 never executed
branch  1 never executed
    #####:   10:    return 1;
    #####:   11:  if (*(int*)a < *(int*)b)
branch  0 never executed
branch  1 never executed
    #####:   12:    return -1;
    #####:   13:  return 0;
        -:   14:}
        -:   15:
function newGame called 0 returned 0% blocks executed 0%
    #####:   16:struct gameState* newGame() {
    #####:   17:  struct gameState* g = malloc(sizeof(struct gameState));
    #####:   18:  return g;
        -:   19:}
        -:   20:
function kingdomCards called 0 returned 0% blocks executed 0%
    #####:   21:int* kingdomCards(int k1, int k2, int k3, int k4, int k5, int k6, int k7,
        -:   22:		  int k8, int k9, int k10) {
    #####:   23:  int* k = malloc(10 * sizeof(int));
    #####:   24:  k[0] = k1;
    #####:   25:  k[1] = k2;
    #####:   26:  k[2] = k3;
    #####:   27:  k[3] = k4;
    #####:   28:  k[4] = k5;
    #####:   29:  k[5] = k6;
    #####:   30:  k[6] = k7;
    #####:   31:  k[7] = k8;
    #####:   32:  k[8] = k9;
    #####:   33:  k[9] = k10;
    #####:   34:  return k;
        -:   35:}
        -:   36:
function initializeGame called 0 returned 0% blocks executed 0%
    #####:   37:int initializeGame(int numPlayers, int kingdomCards[10], int randomSeed,
        -:   38:		   struct gameState *state) {
        -:   39:
        -:   40:  int i;
        -:   41:  int j;
        -:   42:  int it;			
        -:   43:  //set up random number generator
    #####:   44:  SelectStream(1);
call    0 never executed
    #####:   45:  PutSeed((long)randomSeed);
call    0 never executed
        -:   46:  
        -:   47:  //check number of players
    #####:   48:  if (numPlayers > MAX_PLAYERS || numPlayers < 2)
branch  0 never executed
branch  1 never executed
branch  2 never executed
branch  3 never executed
        -:   49:    {
    #####:   50:      return -1;
        -:   51:    }
        -:   52:
        -:   53:  //set number of players
    #####:   54:  state->numPlayers = numPlayers;
        -:   55:
        -:   56:  //check selected kingdom cards are different
    #####:   57:  for (i = 0; i < 10; i++)
branch  0 never executed
branch  1 never executed
        -:   58:    {
    #####:   59:      for (j = 0; j < 10; j++)
branch  0 never executed
branch  1 never executed
        -:   60:        {
    #####:   61:	  if (j != i && kingdomCards[j] == kingdomCards[i])
branch  0 never executed
branch  1 never executed
branch  2 never executed
branch  3 never executed
        -:   62:	    {
    #####:   63:	      return -1;
        -:   64:	    }
        -:   65:        }
        -:   66:    }
        -:   67:
        -:   68:
        -:   69:  //initialize supply
        -:   70:  ///////////////////////////////
        -:   71:
        -:   72:  //set number of Curse cards
    #####:   73:  if (numPlayers == 2)
branch  0 never executed
branch  1 never executed
        -:   74:    {
    #####:   75:      state->supplyCount[curse] = 10;
        -:   76:    }
    #####:   77:  else if (numPlayers == 3)
branch  0 never executed
branch  1 never executed
        -:   78:    {
    #####:   79:      state->supplyCount[curse] = 20;
        -:   80:    }
        -:   81:  else
        -:   82:    {
    #####:   83:      state->supplyCount[curse] = 30;
        -:   84:    }
        -:   85:
        -:   86:  //set number of Victory cards
    #####:   87:  if (numPlayers == 2)
branch  0 never executed
branch  1 never executed
        -:   88:    {
    #####:   89:      state->supplyCount[estate] = 8;
    #####:   90:      state->supplyCount[duchy] = 8;
    #####:   91:      state->supplyCount[province] = 8;
        -:   92:    }
        -:   93:  else
        -:   94:    {
    #####:   95:      state->supplyCount[estate] = 12;
    #####:   96:      state->supplyCount[duchy] = 12;
    #####:   97:      state->supplyCount[province] = 12;
        -:   98:    }
        -:   99:
        -:  100:  //set number of Treasure cards
    #####:  101:  state->supplyCount[copper] = 60 - (7 * numPlayers);
    #####:  102:  state->supplyCount[silver] = 40;
    #####:  103:  state->supplyCount[gold] = 30;
        -:  104:
        -:  105:  //set number of Kingdom cards
    #####:  106:  for (i = adventurer; i <= treasure_map; i++)       	//loop all cards
branch  0 never executed
branch  1 never executed
        -:  107:    {
    #####:  108:      for (j = 0; j < 10; j++)           		//loop chosen cards
branch  0 never executed
branch  1 never executed
        -:  109:	{
    #####:  110:	  if (kingdomCards[j] == i)
branch  0 never executed
branch  1 never executed
        -:  111:	    {
        -:  112:	      //check if card is a 'Victory' Kingdom card
    #####:  113:	      if (kingdomCards[j] == great_hall || kingdomCards[j] == gardens)
branch  0 never executed
branch  1 never executed
branch  2 never executed
branch  3 never executed
        -:  114:		{
    #####:  115:		  if (numPlayers == 2){ 
branch  0 never executed
branch  1 never executed
    #####:  116:		    state->supplyCount[i] = 8; 
        -:  117:		  }
    #####:  118:		  else{ state->supplyCount[i] = 12; }
        -:  119:		}
        -:  120:	      else
        -:  121:		{
    #####:  122:		  state->supplyCount[i] = 10;
        -:  123:		}
    #####:  124:	      break;
        -:  125:	    }
        -:  126:	  else    //card is not in the set choosen for the game
        -:  127:	    {
    #####:  128:	      state->supplyCount[i] = -1;
        -:  129:	    }
        -:  130:	}
        -:  131:
        -:  132:    }
        -:  133:
        -:  134:  ////////////////////////
        -:  135:  //supply intilization complete
        -:  136:
        -:  137:  //set player decks
    #####:  138:  for (i = 0; i < numPlayers; i++)
branch  0 never executed
branch  1 never executed
        -:  139:    {
    #####:  140:      state->deckCount[i] = 0;
    #####:  141:      for (j = 0; j < 3; j++)
branch  0 never executed
branch  1 never executed
        -:  142:	{
    #####:  143:	  state->deck[i][j] = estate;
    #####:  144:	  state->deckCount[i]++;
        -:  145:	}
    #####:  146:      for (j = 3; j < 10; j++)
branch  0 never executed
branch  1 never executed
        -:  147:	{
    #####:  148:	  state->deck[i][j] = copper;
    #####:  149:	  state->deckCount[i]++;		
        -:  150:	}
        -:  151:    }
        -:  152:
        -:  153:  //shuffle player decks
    #####:  154:  for (i = 0; i < numPlayers; i++)
branch  0 never executed
branch  1 never executed
        -:  155:    {
    #####:  156:      if ( shuffle(i, state) < 0 )
call    0 never executed
branch  1 never executed
branch  2 never executed
        -:  157:	{
    #####:  158:	  return -1;
        -:  159:	}
        -:  160:    }
        -:  161:
        -:  162:  //draw player hands
    #####:  163:  for (i = 0; i < numPlayers; i++)
branch  0 never executed
branch  1 never executed
        -:  164:    {  
        -:  165:      //initialize hand size to zero
    #####:  166:      state->handCount[i] = 0;
    #####:  167:      state->discardCount[i] = 0;
        -:  168:      //draw 5 cards
        -:  169:      // for (j = 0; j < 5; j++)
        -:  170:      //	{
        -:  171:      //	  drawCard(i, state);
        -:  172:      //	}
        -:  173:    }
        -:  174:  
        -:  175:  //set embargo tokens to 0 for all supply piles
    #####:  176:  for (i = 0; i <= treasure_map; i++)
branch  0 never executed
branch  1 never executed
        -:  177:    {
    #####:  178:      state->embargoTokens[i] = 0;
        -:  179:    }
        -:  180:
        -:  181:  //initialize first player's turn
    #####:  182:  state->outpostPlayed = 0;
    #####:  183:  state->phase = 0;
    #####:  184:  state->numActions = 1;
    #####:  185:  state->numBuys = 1;
    #####:  186:  state->playedCardCount = 0;
    #####:  187:  state->whoseTurn = 0;
    #####:  188:  state->handCount[state->whoseTurn] = 0;
        -:  189:  //int it; move to top
        -:  190:
        -:  191:  //Moved draw cards to here, only drawing at the start of a turn
    #####:  192:  for (it = 0; it < 5; it++){
branch  0 never executed
branch  1 never executed
    #####:  193:    drawCard(state->whoseTurn, state);
call    0 never executed
        -:  194:  }
        -:  195:
    #####:  196:  updateCoins(state->whoseTurn, state, 0);
call    0 never executed
        -:  197:
    #####:  198:  return 0;
        -:  199:}
        -:  200:
function shuffle called 0 returned 0% blocks executed 0%
    #####:  201:int shuffle(int player, struct gameState *state) {
        -:  202: 
        -:  203:
        -:  204:  int newDeck[MAX_DECK];
    #####:  205:  int newDeckPos = 0;
        -:  206:  int card;
        -:  207:  int i;
        -:  208:
    #####:  209:  if (state->deckCount[player] < 1)
branch  0 never executed
branch  1 never executed
    #####:  210:    return -1;
    #####:  211:  qsort ((void*)(state->deck[player]), state->deckCount[player], sizeof(int), compare); 
call    0 never executed
        -:  212:  /* SORT CARDS IN DECK TO ENSURE DETERMINISM! */
        -:  213:
    #####:  214:  while (state->deckCount[player] > 0) {
branch  0 never executed
branch  1 never executed
    #####:  215:    card = floor(Random() * state->deckCount[player]);
call    0 never executed
    #####:  216:    newDeck[newDeckPos] = state->deck[player][card];
    #####:  217:    newDeckPos++;
    #####:  218:    for (i = card; i < state->deckCount[player]-1; i++) {
branch  0 never executed
branch  1 never executed
    #####:  219:      state->deck[player][i] = state->deck[player][i+1];
        -:  220:    }
    #####:  221:    state->deckCount[player]--;
        -:  222:  }
    #####:  223:  for (i = 0; i < newDeckPos; i++) {
branch  0 never executed
branch  1 never executed
    #####:  224:    state->deck[player][i] = newDeck[i];
    #####:  225:    state->deckCount[player]++;
        -:  226:  }
        -:  227:
    #####:  228:  return 0;
        -:  229:}
        -:  230:
function playCard called 0 returned 0% blocks executed 0%
    #####:  231:int playCard(int handPos, int choice1, int choice2, int choice3, struct gameState *state) 
        -:  232:{	
        -:  233:  int card;
    #####:  234:  int coin_bonus = 0; 		//tracks coins gain from actions
        -:  235:
        -:  236:  //check if it is the right phase
    #####:  237:  if (state->phase != 0)
branch  0 never executed
branch  1 never executed
        -:  238:    {
    #####:  239:      return -1;
        -:  240:    }
        -:  241:	
        -:  242:  //check if player has enough actions
    #####:  243:  if ( state->numActions < 1 )
branch  0 never executed
branch  1 never executed
        -:  244:    {
    #####:  245:      return -1;
        -:  246:    }
        -:  247:	
        -:  248:  //get card played
    #####:  249:  card = handCard(handPos, state);
call    0 never executed
        -:  250:	
        -:  251:  //check if selected card is an action
    #####:  252:  if ( card < adventurer || card > treasure_map )
branch  0 never executed
branch  1 never executed
branch  2 never executed
branch  3 never executed
        -:  253:    {
    #####:  254:      return -1;
        -:  255:    }
        -:  256:	
        -:  257:  //play card
    #####:  258:  if ( cardEffect(card, choice1, choice2, choice3, state, handPos, &coin_bonus) < 0 )
call    0 never executed
branch  1 never executed
branch  2 never executed
        -:  259:    {
    #####:  260:      return -1;
        -:  261:    }
        -:  262:	
        -:  263:  //reduce number of actions
    #####:  264:  state->numActions--;
        -:  265:
        -:  266:  //update coins (Treasure cards may be added with card draws)
    #####:  267:  updateCoins(state->whoseTurn, state, coin_bonus);
call    0 never executed
        -:  268:	
    #####:  269:  return 0;
        -:  270:}
        -:  271:
function buyCard called 0 returned 0% blocks executed 0%
    #####:  272:int buyCard(int supplyPos, struct gameState *state) {
        -:  273:  int who;
        -:  274:  if (DEBUG){
        -:  275:    printf("Entering buyCard...\n");
        -:  276:  }
        -:  277:
        -:  278:  // I don't know what to do about the phase thing.
        -:  279:
    #####:  280:  who = state->whoseTurn;
        -:  281:
    #####:  282:  if (state->numBuys < 1){
branch  0 never executed
branch  1 never executed
        -:  283:    if (DEBUG)
        -:  284:      printf("You do not have any buys left\n");
    #####:  285:    return -1;
    #####:  286:  } else if (supplyCount(supplyPos, state) <1){
call    0 never executed
branch  1 never executed
branch  2 never executed
        -:  287:    if (DEBUG)
        -:  288:      printf("There are not any of that type of card left\n");
    #####:  289:    return -1;
    #####:  290:  } else if (state->coins < getCost(supplyPos)){
call    0 never executed
branch  1 never executed
branch  2 never executed
        -:  291:    if (DEBUG) 
        -:  292:      printf("You do not have enough money to buy that. You have %d coins.\n", state->coins);
    #####:  293:    return -1;
        -:  294:  } else {
    #####:  295:    state->phase=1;
        -:  296:    //state->supplyCount[supplyPos]--;
    #####:  297:    gainCard(supplyPos, state, 0, who); //card goes in discard, this might be wrong.. (2 means goes into hand, 0 goes into discard)
call    0 never executed
        -:  298:  
    #####:  299:    state->coins = (state->coins) - (getCost(supplyPos));
call    0 never executed
    #####:  300:    state->numBuys--;
        -:  301:    if (DEBUG)
        -:  302:      printf("You bought card number %d for %d coins. You now have %d buys and %d coins.\n", supplyPos, getCost(supplyPos), state->numBuys, state->coins);
        -:  303:  }
        -:  304:
        -:  305:  //state->discard[who][state->discardCount[who]] = supplyPos;
        -:  306:  //state->discardCount[who]++;
        -:  307:    
    #####:  308:  return 0;
        -:  309:}
        -:  310:
function numHandCards called 0 returned 0% blocks executed 0%
    #####:  311:int numHandCards(struct gameState *state) {
    #####:  312:  return state->handCount[ whoseTurn(state) ];
call    0 never executed
        -:  313:}
        -:  314:
function handCard called 0 returned 0% blocks executed 0%
    #####:  315:int handCard(int handPos, struct gameState *state) {
    #####:  316:  int currentPlayer = whoseTurn(state);
call    0 never executed
    #####:  317:  return state->hand[currentPlayer][handPos];
        -:  318:}
        -:  319:
function supplyCount called 1 returned 100% blocks executed 100%
        1:  320:int supplyCount(int card, struct gameState *state) {
        1:  321:  return state->supplyCount[card];
        -:  322:}
        -:  323:
function fullDeckCount called 0 returned 0% blocks executed 0%
    #####:  324:int fullDeckCount(int player, int card, struct gameState *state) {
        -:  325:  int i;
    #####:  326:  int count = 0;
        -:  327:
    #####:  328:  for (i = 0; i < state->deckCount[player]; i++)
branch  0 never executed
branch  1 never executed
        -:  329:    {
    #####:  330:      if (state->deck[player][i] == card) count++;
branch  0 never executed
branch  1 never executed
        -:  331:    }
        -:  332:
    #####:  333:  for (i = 0; i < state->handCount[player]; i++)
branch  0 never executed
branch  1 never executed
        -:  334:    {
    #####:  335:      if (state->hand[player][i] == card) count++;
branch  0 never executed
branch  1 never executed
        -:  336:    }
        -:  337:
    #####:  338:  for (i = 0; i < state->discardCount[player]; i++)
branch  0 never executed
branch  1 never executed
        -:  339:    {
    #####:  340:      if (state->discard[player][i] == card) count++;
branch  0 never executed
branch  1 never executed
        -:  341:    }
        -:  342:
    #####:  343:  return count;
        -:  344:}
        -:  345:
function whoseTurn called 6 returned 100% blocks executed 100%
        6:  346:int whoseTurn(struct gameState *state) {
        6:  347:  return state->whoseTurn;
        -:  348:}
        -:  349:
function endTurn called 0 returned 0% blocks executed 0%
    #####:  350:int endTurn(struct gameState *state) {
        -:  351:  int k;
        -:  352:  int i;
    #####:  353:  int currentPlayer = whoseTurn(state);
call    0 never executed
        -:  354:  
        -:  355:  //Discard hand
    #####:  356:  for (i = 0; i < state->handCount[currentPlayer]; i++){
branch  0 never executed
branch  1 never executed
    #####:  357:    state->discard[currentPlayer][state->discardCount[currentPlayer]++] = state->hand[currentPlayer][i];//Discard
    #####:  358:    state->hand[currentPlayer][i] = -1;//Set card to -1
        -:  359:  }
    #####:  360:  state->handCount[currentPlayer] = 0;//Reset hand count
        -:  361:    
        -:  362:  //Code for determining the player
    #####:  363:  if (currentPlayer < (state->numPlayers - 1)){ 
branch  0 never executed
branch  1 never executed
    #####:  364:    state->whoseTurn = currentPlayer + 1;//Still safe to increment
        -:  365:  }
        -:  366:  else{
    #####:  367:    state->whoseTurn = 0;//Max player has been reached, loop back around to player 1
        -:  368:  }
        -:  369:
    #####:  370:  state->outpostPlayed = 0;
    #####:  371:  state->phase = 0;
    #####:  372:  state->numActions = 1;
    #####:  373:  state->coins = 0;
    #####:  374:  state->numBuys = 1;
    #####:  375:  state->playedCardCount = 0;
    #####:  376:  state->handCount[state->whoseTurn] = 0;
        -:  377:
        -:  378:  //int k; move to top
        -:  379:  //Next player draws hand
    #####:  380:  for (k = 0; k < 5; k++){
branch  0 never executed
branch  1 never executed
    #####:  381:    drawCard(state->whoseTurn, state);//Draw a card
call    0 never executed
        -:  382:  }
        -:  383:
        -:  384:  //Update money
    #####:  385:  updateCoins(state->whoseTurn, state , 0);
call    0 never executed
        -:  386:
    #####:  387:  return 0;
        -:  388:}
        -:  389:
function isGameOver called 0 returned 0% blocks executed 0%
    #####:  390:int isGameOver(struct gameState *state) {
        -:  391:  int i;
        -:  392:  int j;
        -:  393:	
        -:  394:  //if stack of Province cards is empty, the game ends
    #####:  395:  if (state->supplyCount[province] == 0)
branch  0 never executed
branch  1 never executed
        -:  396:    {
    #####:  397:      return 1;
        -:  398:    }
        -:  399:
        -:  400:  //if three supply pile are at 0, the game ends
    #####:  401:  j = 0;
    #####:  402:  for (i = 0; i < 25; i++)
branch  0 never executed
branch  1 never executed
        -:  403:    {
    #####:  404:      if (state->supplyCount[i] == 0)
branch  0 never executed
branch  1 never executed
        -:  405:	{
    #####:  406:	  j++;
        -:  407:	}
        -:  408:    }
    #####:  409:  if ( j >= 3)
branch  0 never executed
branch  1 never executed
        -:  410:    {
    #####:  411:      return 1;
        -:  412:    }
        -:  413:
    #####:  414:  return 0;
        -:  415:}
        -:  416:
function scoreFor called 0 returned 0% blocks executed 0%
    #####:  417:int scoreFor (int player, struct gameState *state) {
        -:  418:
        -:  419:  int i;
    #####:  420:  int score = 0;
        -:  421:  //score from hand
    #####:  422:  for (i = 0; i < state->handCount[player]; i++)
branch  0 never executed
branch  1 never executed
        -:  423:    {
    #####:  424:      if (state->hand[player][i] == curse) { score = score - 1; };
branch  0 never executed
branch  1 never executed
    #####:  425:      if (state->hand[player][i] == estate) { score = score + 1; };
branch  0 never executed
branch  1 never executed
    #####:  426:      if (state->hand[player][i] == duchy) { score = score + 3; };
branch  0 never executed
branch  1 never executed
    #####:  427:      if (state->hand[player][i] == province) { score = score + 6; };
branch  0 never executed
branch  1 never executed
    #####:  428:      if (state->hand[player][i] == great_hall) { score = score + 1; };
branch  0 never executed
branch  1 never executed
    #####:  429:      if (state->hand[player][i] == gardens) { score = score + ( fullDeckCount(player, 0, state) / 10 ); };
branch  0 never executed
branch  1 never executed
call    2 never executed
        -:  430:    }
        -:  431:
        -:  432:  //score from discard
    #####:  433:  for (i = 0; i < state->discardCount[player]; i++)
branch  0 never executed
branch  1 never executed
        -:  434:    {
    #####:  435:      if (state->discard[player][i] == curse) { score = score - 1; };
branch  0 never executed
branch  1 never executed
    #####:  436:      if (state->discard[player][i] == estate) { score = score + 1; };
branch  0 never executed
branch  1 never executed
    #####:  437:      if (state->discard[player][i] == duchy) { score = score + 3; };
branch  0 never executed
branch  1 never executed
    #####:  438:      if (state->discard[player][i] == province) { score = score + 6; };
branch  0 never executed
branch  1 never executed
    #####:  439:      if (state->discard[player][i] == great_hall) { score = score + 1; };
branch  0 never executed
branch  1 never executed
    #####:  440:      if (state->discard[player][i] == gardens) { score = score + ( fullDeckCount(player, 0, state) / 10 ); };
branch  0 never executed
branch  1 never executed
call    2 never executed
        -:  441:    }
        -:  442:
        -:  443:  //score from deck
    #####:  444:  for (i = 0; i < state->discardCount[player]; i++)
branch  0 never executed
branch  1 never executed
        -:  445:    {
    #####:  446:      if (state->deck[player][i] == curse) { score = score - 1; };
branch  0 never executed
branch  1 never executed
    #####:  447:      if (state->deck[player][i] == estate) { score = score + 1; };
branch  0 never executed
branch  1 never executed
    #####:  448:      if (state->deck[player][i] == duchy) { score = score + 3; };
branch  0 never executed
branch  1 never executed
    #####:  449:      if (state->deck[player][i] == province) { score = score + 6; };
branch  0 never executed
branch  1 never executed
    #####:  450:      if (state->deck[player][i] == great_hall) { score = score + 1; };
branch  0 never executed
branch  1 never executed
    #####:  451:      if (state->deck[player][i] == gardens) { score = score + ( fullDeckCount(player, 0, state) / 10 ); };
branch  0 never executed
branch  1 never executed
call    2 never executed
        -:  452:    }
        -:  453:
    #####:  454:  return score;
        -:  455:}
        -:  456:
function getWinners called 0 returned 0% blocks executed 0%
    #####:  457:int getWinners(int players[MAX_PLAYERS], struct gameState *state) {
        -:  458:  int i;	
        -:  459:  int j;
        -:  460:  int highScore;
        -:  461:  int currentPlayer;
        -:  462:
        -:  463:  //get score for each player
    #####:  464:  for (i = 0; i < MAX_PLAYERS; i++)
branch  0 never executed
branch  1 never executed
        -:  465:    {
        -:  466:      //set unused player scores to -9999
    #####:  467:      if (i >= state->numPlayers)
branch  0 never executed
branch  1 never executed
        -:  468:	{
    #####:  469:	  players[i] = -9999;
        -:  470:	}
        -:  471:      else
        -:  472:	{
    #####:  473:	  players[i] = scoreFor (i, state);
call    0 never executed
        -:  474:	}
        -:  475:    }
        -:  476:
        -:  477:  //find highest score
    #####:  478:  j = 0;
    #####:  479:  for (i = 0; i < MAX_PLAYERS; i++)
branch  0 never executed
branch  1 never executed
        -:  480:    {
    #####:  481:      if (players[i] > players[j])
branch  0 never executed
branch  1 never executed
        -:  482:	{
    #####:  483:	  j = i;
        -:  484:	}
        -:  485:    }
    #####:  486:  highScore = players[j];
        -:  487:
        -:  488:  //add 1 to players who had less turns
    #####:  489:  currentPlayer = whoseTurn(state);
call    0 never executed
    #####:  490:  for (i = 0; i < MAX_PLAYERS; i++)
branch  0 never executed
branch  1 never executed
        -:  491:    {
    #####:  492:      if ( players[i] == highScore && i > currentPlayer )
branch  0 never executed
branch  1 never executed
branch  2 never executed
branch  3 never executed
        -:  493:	{
    #####:  494:	  players[i]++;
        -:  495:	}
        -:  496:    }
        -:  497:
        -:  498:  //find new highest score
    #####:  499:  j = 0;
    #####:  500:  for (i = 0; i < MAX_PLAYERS; i++)
branch  0 never executed
branch  1 never executed
        -:  501:    {
    #####:  502:      if ( players[i] > players[j] )
branch  0 never executed
branch  1 never executed
        -:  503:	{
    #####:  504:	  j = i;
        -:  505:	}
        -:  506:    }
    #####:  507:  highScore = players[j];
        -:  508:
        -:  509:  //set winners in array to 1 and rest to 0
    #####:  510:  for (i = 0; i < MAX_PLAYERS; i++)
branch  0 never executed
branch  1 never executed
        -:  511:    {
    #####:  512:      if ( players[i] == highScore )
branch  0 never executed
branch  1 never executed
        -:  513:	{
    #####:  514:	  players[i] = 1;
        -:  515:	}
        -:  516:      else
        -:  517:	{
    #####:  518:	  players[i] = 0;
        -:  519:	}
        -:  520:    }
        -:  521:
    #####:  522:  return 0;
        -:  523:}
        -:  524:
function drawCard called 0 returned 0% blocks executed 0%
    #####:  525:int drawCard(int player, struct gameState *state)
        -:  526:{	int count;
        -:  527:  int deckCounter;
    #####:  528:  if (state->deckCount[player] <= 0){//Deck is empty
branch  0 never executed
branch  1 never executed
        -:  529:    
        -:  530:    //Step 1 Shuffle the discard pile back into a deck
        -:  531:    int i;
        -:  532:    //Move discard to deck
    #####:  533:    for (i = 0; i < state->discardCount[player];i++){
branch  0 never executed
branch  1 never executed
    #####:  534:      state->deck[player][i] = state->discard[player][i];
    #####:  535:      state->discard[player][i] = -1;
        -:  536:    }
        -:  537:
    #####:  538:    state->deckCount[player] = state->discardCount[player];
    #####:  539:    state->discardCount[player] = 0;//Reset discard
        -:  540:
        -:  541:    //Shufffle the deck
    #####:  542:    shuffle(player, state);//Shuffle the deck up and make it so that we can draw
call    0 never executed
        -:  543:   
        -:  544:    if (DEBUG){//Debug statements
        -:  545:      printf("Deck count now: %d\n", state->deckCount[player]);
        -:  546:    }
        -:  547:    
    #####:  548:    state->discardCount[player] = 0;
        -:  549:
        -:  550:    //Step 2 Draw Card
    #####:  551:    count = state->handCount[player];//Get current player's hand count
        -:  552:    
        -:  553:    if (DEBUG){//Debug statements
        -:  554:      printf("Current hand count: %d\n", count);
        -:  555:    }
        -:  556:    
    #####:  557:    deckCounter = state->deckCount[player];//Create a holder for the deck count
        -:  558:
    #####:  559:    if (deckCounter == 0)
branch  0 never executed
branch  1 never executed
    #####:  560:      return -1;
        -:  561:
    #####:  562:    state->hand[player][count] = state->deck[player][deckCounter - 1];//Add card to hand
    #####:  563:    state->deckCount[player]--;
    #####:  564:    state->handCount[player]++;//Increment hand count
        -:  565:  }
        -:  566:
        -:  567:  else{
    #####:  568:    int count = state->handCount[player];//Get current hand count for player
        -:  569:    int deckCounter;
        -:  570:    if (DEBUG){//Debug statements
        -:  571:      printf("Current hand count: %d\n", count);
        -:  572:    }
        -:  573:
    #####:  574:    deckCounter = state->deckCount[player];//Create holder for the deck count
    #####:  575:    state->hand[player][count] = state->deck[player][deckCounter - 1];//Add card to the hand
    #####:  576:    state->deckCount[player]--;
    #####:  577:    state->handCount[player]++;//Increment hand count
        -:  578:  }
        -:  579:
    #####:  580:  return 0;
        -:  581:}
        -:  582:
function getCost called 12 returned 100% blocks executed 17%
       12:  583:int getCost(int cardNumber)
        -:  584:{
       12:  585:  switch( cardNumber ) 
branch  0 taken 0%
branch  1 taken 0%
branch  2 taken 0%
branch  3 taken 0%
branch  4 taken 50%
branch  5 taken 25%
branch  6 taken 25%
branch  7 taken 0%
branch  8 taken 0%
branch  9 taken 0%
branch 10 taken 0%
branch 11 taken 0%
branch 12 taken 0%
branch 13 taken 0%
branch 14 taken 0%
branch 15 taken 0%
branch 16 taken 0%
branch 17 taken 0%
branch 18 taken 0%
branch 19 taken 0%
branch 20 taken 0%
branch 21 taken 0%
branch 22 taken 0%
branch 23 taken 0%
branch 24 taken 0%
branch 25 taken 0%
branch 26 taken 0%
branch 27 taken 0%
        -:  586:    {
        -:  587:    case curse:
    #####:  588:      return 0;
        -:  589:    case estate:
    #####:  590:      return 2;
        -:  591:    case duchy:
    #####:  592:      return 5;
        -:  593:    case province:
    #####:  594:      return 8;
        -:  595:    case copper:
        6:  596:      return 0;
        -:  597:    case silver:
        3:  598:      return 3;
        -:  599:    case gold:
        3:  600:      return 6;
        -:  601:    case adventurer:
    #####:  602:      return 6;
        -:  603:    case council_room:
    #####:  604:      return 5;
        -:  605:    case feast:
    #####:  606:      return 4;
        -:  607:    case gardens:
    #####:  608:      return 4;
        -:  609:    case mine:
    #####:  610:      return 5;
        -:  611:    case remodel:
    #####:  612:      return 4;
        -:  613:    case smithy:
    #####:  614:      return 4;
        -:  615:    case village:
    #####:  616:      return 3;
        -:  617:    case baron:
    #####:  618:      return 4;
        -:  619:    case great_hall:
    #####:  620:      return 3;
        -:  621:    case minion:
    #####:  622:      return 5;
        -:  623:    case steward:
    #####:  624:      return 3;
        -:  625:    case tribute:
    #####:  626:      return 5;
        -:  627:    case ambassador:
    #####:  628:      return 3;
        -:  629:    case cutpurse:
    #####:  630:      return 4;
        -:  631:    case embargo: 
    #####:  632:      return 2;
        -:  633:    case outpost:
    #####:  634:      return 5;
        -:  635:    case salvager:
    #####:  636:      return 4;
        -:  637:    case sea_hag:
    #####:  638:      return 4;
        -:  639:    case treasure_map:
    #####:  640:      return 4;
        -:  641:    }
        -:  642:	
    #####:  643:  return -1;
        -:  644:}
        -:  645:
function smithyRefact called 0 returned 0% blocks executed 0%
    #####:  646:int smithyRefact(int currentPlayer, struct gameState *state, int handPos, int i)
        -:  647:{
        -:  648:	//+3 Cards
    #####:  649:      for (i = 0; i < 5; i++) // changed from 3 cards to 5
branch  0 never executed
branch  1 never executed
        -:  650:	{
    #####:  651:	  drawCard(currentPlayer, state);
call    0 never executed
        -:  652:	}
        -:  653:			
        -:  654:      //discard card from hand
    #####:  655:      discardCard(handPos, currentPlayer, state, 0);
call    0 never executed
    #####:  656:      return 0;
        -:  657:}
        -:  658:
function adventurerRefact called 0 returned 0% blocks executed 0%
    #####:  659:int adventurerRefact(int currentPlayer, struct gameState *state, int temphand[], int drawntreasure, int cardDrawn, int z)
        -:  660:{	  
    #####:  661:	while(drawntreasure<2){
branch  0 never executed
branch  1 never executed
    #####:  662:		if (state->deckCount[currentPlayer] <1){//if the deck is empty we need to shuffle discard and add to deck
branch  0 never executed
branch  1 never executed
    #####:  663:			shuffle(currentPlayer, state);
call    0 never executed
        -:  664:		}
    #####:  665:	drawCard(currentPlayer, state);
call    0 never executed
    #####:  666:	cardDrawn = state->hand[currentPlayer][state->handCount[currentPlayer]-1];//top card of hand is most recently drawn card.
    #####:  667:	if (cardDrawn == copper || cardDrawn == silver) // removed gold as part of the statement || cardDrawn == gold
branch  0 never executed
branch  1 never executed
branch  2 never executed
branch  3 never executed
    #####:  668:		drawntreasure++;
        -:  669:	else{
    #####:  670:		temphand[z]=cardDrawn;
    #####:  671:		state->handCount[currentPlayer]--; //this should just remove the top card (the most recently drawn one).
    #####:  672:		z++;
        -:  673:		}
        -:  674:    }
        -:  675:    
    #####:  676:	while(z-1>=0){
branch  0 never executed
branch  1 never executed
    #####:  677:		state->discard[currentPlayer][state->discardCount[currentPlayer]++]=temphand[z-1]; // discard all cards in play that have been drawn
    #####:  678:		z=z-1;
        -:  679:    }
    #####:  680:    return 0;
        -:  681:}
        -:  682:
function cutpurseRefact called 0 returned 0% blocks executed 0%
    #####:  683:int cutpurseRefact(int currentPlayer, struct gameState *state, int handPos, int i, int j, int k)
        -:  684:{
    #####:  685:	updateCoins(currentPlayer, state, 2);
call    0 never executed
    #####:  686:      for (i = 0; i < state->numPlayers; i++)
branch  0 never executed
branch  1 never executed
        -:  687:	{
    #####:  688:	  if (i == currentPlayer)  // removed not from statement != currentPlayer
branch  0 never executed
branch  1 never executed
        -:  689:	    {
    #####:  690:	      for (j = 0; j < state->handCount[i]; j++)
branch  0 never executed
branch  1 never executed
        -:  691:		{
    #####:  692:		  if (state->hand[i][j] == copper)
branch  0 never executed
branch  1 never executed
        -:  693:		    {
    #####:  694:		      discardCard(j, i, state, 0);
call    0 never executed
    #####:  695:		      break;
        -:  696:		    }
    #####:  697:		  if (j == state->handCount[i])
branch  0 never executed
branch  1 never executed
        -:  698:		    {
    #####:  699:		      for (k = 0; k < state->handCount[i]; k++)
branch  0 never executed
branch  1 never executed
        -:  700:			{
        -:  701:			  if (DEBUG)
        -:  702:			    printf("Player %d reveals card number %d\n", i, state->hand[i][k]);
        -:  703:			}	
    #####:  704:		      break;
        -:  705:		    }		
        -:  706:		}
        -:  707:					
        -:  708:	    }
        -:  709:				
        -:  710:	}				
        -:  711:
        -:  712:      //discard played card from hand
    #####:  713:      discardCard(handPos, currentPlayer, state, 0);			
call    0 never executed
        -:  714:
    #####:  715:      return 0;
        -:  716:}
        -:  717:
function mineRefact called 6 returned 100% blocks executed 96%
        6:  718:int mineRefact(int currentPlayer, struct gameState *state, int handPos, int choice1, int choice2, int i, int j)
        -:  719:{
        6:  720:	j = state->hand[currentPlayer][choice1];  //store card we will trash
        -:  721:
        6:  722:      if (state->hand[currentPlayer][choice1] < copper || state->hand[currentPlayer][choice1] > gold)
branch  0 taken 83% (fallthrough)
branch  1 taken 17%
branch  2 taken 20% (fallthrough)
branch  3 taken 80%
        -:  723:	{
        2:  724:	  return -1;
        -:  725:	}
        -:  726:		
        4:  727:      if (choice2 > gold || choice2 < copper)
branch  0 taken 75% (fallthrough)
branch  1 taken 25%
branch  2 taken 33% (fallthrough)
branch  3 taken 67%
        -:  728:	{
        2:  729:	  return -1;
        -:  730:	}
        -:  731:	
        2:  732:	printf("Card 1: %d Cost: %d\n", state->hand[currentPlayer][choice1], getCost(state->hand[currentPlayer][choice1]));
call    0 returned 100%
call    1 returned 100%
        2:  733:	printf("Card 2: %d Cost: %d\n", choice2, getCost(choice2));
call    0 returned 100%
call    1 returned 100%
        2:  734:	printf("Cost difference %d\n", (getCost(state->hand[currentPlayer][choice1]) - getCost(choice2)));
call    0 returned 100%
call    1 returned 100%
call    2 returned 100%
        -:  735:
        2:  736:      if ( (getCost(choice2) - getCost(state->hand[currentPlayer][choice1])) > 3 )
call    0 returned 100%
call    1 returned 100%
branch  2 taken 50% (fallthrough)
branch  3 taken 50%
        -:  737:	{
        1:  738:	  return -1;
        -:  739:	}
        -:  740:
        1:  741:      gainCard(choice2, state, 2, currentPlayer);
call    0 returned 100%
        -:  742:
        -:  743:      //discard card from hand
        1:  744:      discardCard(handPos, currentPlayer, state, 0);
call    0 returned 100%
        -:  745:
        -:  746:      //discard trashed card
        1:  747:      for (i = 0; i < state->handCount[currentPlayer]; i++)
branch  0 taken 100%
branch  1 taken 0% (fallthrough)
        -:  748:	{
        1:  749:	  if (state->hand[currentPlayer][i] == j)
branch  0 taken 100% (fallthrough)
branch  1 taken 0%
        -:  750:	    {
        1:  751:	      discardCard(i, currentPlayer, state, 0);			
call    0 returned 100%
        1:  752:	      break;
        -:  753:	    }
        -:  754:	}
        -:  755:			
        1:  756:      return 0;
        -:  757:}
        -:  758:
function minionRefact called 0 returned 0% blocks executed 0%
    #####:  759:int minionRefact(int currentPlayer, struct gameState *state, int handPos, int choice1, int choice2, int i, int j)
        -:  760:{
        -:  761:	//+1 action
    #####:  762:	state->numActions++;
        -:  763:			
        -:  764:	//discard card from hand
    #####:  765:	discardCard(handPos, currentPlayer, state, 0);
call    0 never executed
        -:  766:	
        -:  767:
        -:  768:	//reversed choices 1 & 2
    #####:  769:	if (choice2)		//+2 coins 
branch  0 never executed
branch  1 never executed
        -:  770:	{
    #####:  771:		state->coins = state->coins + 2;
        -:  772:	}
        -:  773:			
    #####:  774:    else if (choice1)		//discard hand, redraw 4, other players with 5+ cards discard hand and draw 4
branch  0 never executed
branch  1 never executed
        -:  775:	{
        -:  776:		//discard hand
    #####:  777:		while(numHandCards(state) > 0)
call    0 never executed
branch  1 never executed
branch  2 never executed
        -:  778:	    {
    #####:  779:	      discardCard(handPos, currentPlayer, state, 0);
call    0 never executed
        -:  780:	    }
        -:  781:				
        -:  782:		//draw 4
    #####:  783:		for (i = 0; i < 4; i++)
branch  0 never executed
branch  1 never executed
        -:  784:	    {
    #####:  785:	      drawCard(currentPlayer, state);
call    0 never executed
        -:  786:	    }
        -:  787:				
        -:  788:		//other players discard hand and redraw if hand size > 4
    #####:  789:		for (i = 0; i < state->numPlayers; i++)
branch  0 never executed
branch  1 never executed
        -:  790:	    {
    #####:  791:			if (i != currentPlayer)
branch  0 never executed
branch  1 never executed
        -:  792:			{
    #####:  793:				if ( state->handCount[i] > 4 )
branch  0 never executed
branch  1 never executed
        -:  794:				{
        -:  795:					//discard hand
    #####:  796:					while( state->handCount[i] > 0 )
branch  0 never executed
branch  1 never executed
        -:  797:					{
    #####:  798:						discardCard(handPos, i, state, 0);
call    0 never executed
        -:  799:					}
        -:  800:							
        -:  801:					//draw 4
    #####:  802:					for (j = 0; j < 4; j++)
branch  0 never executed
branch  1 never executed
        -:  803:					{
    #####:  804:						drawCard(i, state);
call    0 never executed
        -:  805:					}
        -:  806:				}
        -:  807:			}
        -:  808:	    }
        -:  809:				
        -:  810:	}
    #####:  811:		return 0;
        -:  812:}
        -:  813:
function cardEffect called 6 returned 100% blocks executed 4%
        6:  814:int cardEffect(int card, int choice1, int choice2, int choice3, struct gameState *state, int handPos, int *bonus)
        -:  815:{
        -:  816:  int i;
        -:  817:  int j;
        -:  818:  int k;
        -:  819:  int x;
        -:  820:  int index;
        6:  821:  int currentPlayer = whoseTurn(state);
call    0 returned 100%
        6:  822:  int nextPlayer = currentPlayer + 1;
        -:  823:
        6:  824:  int tributeRevealedCards[2] = {-1, -1};
        -:  825:  int temphand[MAX_HAND];// moved above the if statement
        6:  826:  int drawntreasure=0;
        -:  827:  int cardDrawn;
        6:  828:  int z = 0;// this is the counter for the temp hand
        6:  829:  if (nextPlayer > (state->numPlayers - 1)){
branch  0 taken 100% (fallthrough)
branch  1 taken 0%
        6:  830:    nextPlayer = 0;
        -:  831:  }
        -:  832:  
        -:  833:	
        -:  834:  //uses switch to select card and perform actions
        6:  835:  switch( card ) 
branch  0 taken 0%
branch  1 taken 0%
branch  2 taken 0%
branch  3 taken 0%
branch  4 taken 100%
branch  5 taken 0%
branch  6 taken 0%
branch  7 taken 0%
branch  8 taken 0%
branch  9 taken 0%
branch 10 taken 0%
branch 11 taken 0%
branch 12 taken 0%
branch 13 taken 0%
branch 14 taken 0%
branch 15 taken 0%
branch 16 taken 0%
branch 17 taken 0%
branch 18 taken 0%
branch 19 taken 0%
branch 20 taken 0%
        -:  836:    {
        -:  837:    case adventurer:
    #####:  838:		return adventurerRefact(currentPlayer, state, temphand, drawntreasure, cardDrawn, z);
call    0 never executed
        -:  839:	/*
        -:  840:	  while(drawntreasure<2){
        -:  841:	if (state->deckCount[currentPlayer] <1){//if the deck is empty we need to shuffle discard and add to deck
        -:  842:	  shuffle(currentPlayer, state);
        -:  843:	}
        -:  844:	drawCard(currentPlayer, state);
        -:  845:	cardDrawn = state->hand[currentPlayer][state->handCount[currentPlayer]-1];//top card of hand is most recently drawn card.
        -:  846:	if (cardDrawn == copper || cardDrawn == silver || cardDrawn == gold)
        -:  847:	  drawntreasure++;
        -:  848:	else{
        -:  849:	  temphand[z]=cardDrawn;
        -:  850:	  state->handCount[currentPlayer]--; //this should just remove the top card (the most recently drawn one).
        -:  851:	  z++;
        -:  852:	}
        -:  853:      }
        -:  854:      while(z-1>=0){
        -:  855:	state->discard[currentPlayer][state->discardCount[currentPlayer]++]=temphand[z-1]; // discard all cards in play that have been drawn
        -:  856:	z=z-1;
        -:  857:      }
        -:  858:      return 0;
        -:  859:	*/
        -:  860:			
        -:  861:    case council_room:
        -:  862:      //+4 Cards
    #####:  863:      for (i = 0; i < 4; i++)
branch  0 never executed
branch  1 never executed
        -:  864:	{
    #####:  865:	  drawCard(currentPlayer, state);
call    0 never executed
        -:  866:	}
        -:  867:			
        -:  868:      //+1 Buy
    #####:  869:      state->numBuys++;
        -:  870:			
        -:  871:      //Each other player draws a card
    #####:  872:      for (i = 0; i < state->numPlayers; i++)
branch  0 never executed
branch  1 never executed
        -:  873:	{
    #####:  874:	  if ( i != currentPlayer )
branch  0 never executed
branch  1 never executed
        -:  875:	    {
    #####:  876:	      drawCard(i, state);
call    0 never executed
        -:  877:	    }
        -:  878:	}
        -:  879:			
        -:  880:      //put played card in played card pile
    #####:  881:      discardCard(handPos, currentPlayer, state, 0);
call    0 never executed
        -:  882:			
    #####:  883:      return 0;
        -:  884:			
        -:  885:    case feast:
        -:  886:      //gain card with cost up to 5
        -:  887:      //Backup hand
    #####:  888:      for (i = 0; i <= state->handCount[currentPlayer]; i++){
branch  0 never executed
branch  1 never executed
    #####:  889:	temphand[i] = state->hand[currentPlayer][i];//Backup card
    #####:  890:	state->hand[currentPlayer][i] = -1;//Set to nothing
        -:  891:      }
        -:  892:      //Backup hand
        -:  893:
        -:  894:      //Update Coins for Buy
    #####:  895:      updateCoins(currentPlayer, state, 5);
call    0 never executed
    #####:  896:      x = 1;//Condition to loop on
    #####:  897:      while( x == 1) {//Buy one card
branch  0 never executed
branch  1 never executed
    #####:  898:	if (supplyCount(choice1, state) <= 0){
call    0 never executed
branch  1 never executed
branch  2 never executed
        -:  899:	  if (DEBUG)
        -:  900:	    printf("None of that card left, sorry!\n");
        -:  901:
        -:  902:	  if (DEBUG){
        -:  903:	    printf("Cards Left: %d\n", supplyCount(choice1, state));
        -:  904:	  }
        -:  905:	}
    #####:  906:	else if (state->coins < getCost(choice1)){
call    0 never executed
branch  1 never executed
branch  2 never executed
    #####:  907:	  printf("That card is too expensive!\n");
call    0 never executed
        -:  908:
        -:  909:	  if (DEBUG){
        -:  910:	    printf("Coins: %d < %d\n", state->coins, getCost(choice1));
        -:  911:	  }
        -:  912:	}
        -:  913:	else{
        -:  914:
        -:  915:	  if (DEBUG){
        -:  916:	    printf("Deck Count: %d\n", state->handCount[currentPlayer] + state->deckCount[currentPlayer] + state->discardCount[currentPlayer]);
        -:  917:	  }
        -:  918:
    #####:  919:	  gainCard(choice1, state, 0, currentPlayer);//Gain the card
call    0 never executed
    #####:  920:	  x = 0;//No more buying cards
        -:  921:
        -:  922:	  if (DEBUG){
        -:  923:	    printf("Deck Count: %d\n", state->handCount[currentPlayer] + state->deckCount[currentPlayer] + state->discardCount[currentPlayer]);
        -:  924:	  }
        -:  925:
        -:  926:	}
        -:  927:      }     
        -:  928:
        -:  929:      //Reset Hand
    #####:  930:      for (i = 0; i <= state->handCount[currentPlayer]; i++){
branch  0 never executed
branch  1 never executed
    #####:  931:	state->hand[currentPlayer][i] = temphand[i];
    #####:  932:	temphand[i] = -1;
        -:  933:      }
        -:  934:      //Reset Hand
        -:  935:      			
    #####:  936:      return 0;
        -:  937:			
        -:  938:    case gardens:
    #####:  939:      return -1;
        -:  940:			
        -:  941:    case mine:
        6:  942:		return mineRefact(currentPlayer, state, handPos, choice1, choice2, i, j);
call    0 returned 100%
        -:  943:		//return 0;
        -:  944:	/*
        -:  945:      j = state->hand[currentPlayer][choice1];  //store card we will trash
        -:  946:
        -:  947:      if (state->hand[currentPlayer][choice1] < copper || state->hand[currentPlayer][choice1] > gold)
        -:  948:	{
        -:  949:	  return -1;
        -:  950:	}
        -:  951:		
        -:  952:      if (choice2 > treasure_map || choice2 < curse)
        -:  953:	{
        -:  954:	  return -1;
        -:  955:	}
        -:  956:
        -:  957:      if ( (getCost(state->hand[currentPlayer][choice1]) + 3) > getCost(choice2) )
        -:  958:	{
        -:  959:	  return -1;
        -:  960:	}
        -:  961:
        -:  962:      gainCard(choice2, state, 2, currentPlayer);
        -:  963:
        -:  964:      //discard card from hand
        -:  965:      discardCard(handPos, currentPlayer, state, 0);
        -:  966:
        -:  967:      //discard trashed card
        -:  968:      for (i = 0; i < state->handCount[currentPlayer]; i++)
        -:  969:	{
        -:  970:	  if (state->hand[currentPlayer][i] == j)
        -:  971:	    {
        -:  972:	      discardCard(i, currentPlayer, state, 0);			
        -:  973:	      break;
        -:  974:	    }
        -:  975:	}
        -:  976:			
        -:  977:      return 0;
        -:  978:	*/
        -:  979:		
        -:  980:    case remodel:
    #####:  981:      j = state->hand[currentPlayer][choice1];  //store card we will trash
        -:  982:
    #####:  983:      if ( (getCost(state->hand[currentPlayer][choice1]) + 2) > getCost(choice2) )
call    0 never executed
call    1 never executed
branch  2 never executed
branch  3 never executed
        -:  984:	{
    #####:  985:	  return -1;
        -:  986:	}
        -:  987:
    #####:  988:      gainCard(choice2, state, 0, currentPlayer);
call    0 never executed
        -:  989:
        -:  990:      //discard card from hand
    #####:  991:      discardCard(handPos, currentPlayer, state, 0);
call    0 never executed
        -:  992:
        -:  993:      //discard trashed card
    #####:  994:      for (i = 0; i < state->handCount[currentPlayer]; i++)
branch  0 never executed
branch  1 never executed
        -:  995:	{
    #####:  996:	  if (state->hand[currentPlayer][i] == j)
branch  0 never executed
branch  1 never executed
        -:  997:	    {
    #####:  998:	      discardCard(i, currentPlayer, state, 0);			
call    0 never executed
    #####:  999:	      break;
        -: 1000:	    }
        -: 1001:	}
        -: 1002:
        -: 1003:
    #####: 1004:      return 0;
        -: 1005:		
        -: 1006:    case smithy:
    #####: 1007:		return smithyRefact(currentPlayer, state, handPos, i);
call    0 never executed
        -: 1008:		
        -: 1009:    /*  //+3 Cards
        -: 1010:      for (i = 0; i < 3; i++)
        -: 1011:	{
        -: 1012:	  drawCard(currentPlayer, state);
        -: 1013:	}
        -: 1014:			
        -: 1015:      //discard card from hand
        -: 1016:      discardCard(handPos, currentPlayer, state, 0);
        -: 1017:      return 0;
        -: 1018:	 */
        -: 1019:		
        -: 1020:    case village:
        -: 1021:      //+1 Card
    #####: 1022:      drawCard(currentPlayer, state);
call    0 never executed
        -: 1023:			
        -: 1024:      //+2 Actions
    #####: 1025:      state->numActions = state->numActions + 2;
        -: 1026:			
        -: 1027:      //discard played card from hand
    #####: 1028:      discardCard(handPos, currentPlayer, state, 0);
call    0 never executed
    #####: 1029:      return 0;
        -: 1030:		
        -: 1031:    case baron:
    #####: 1032:      state->numBuys++;//Increase buys by 1!
    #####: 1033:      if (choice1 > 0){//Boolean true or going to discard an estate
branch  0 never executed
branch  1 never executed
    #####: 1034:	int p = 0;//Iterator for hand!
    #####: 1035:	int card_not_discarded = 1;//Flag for discard set!
    #####: 1036:	while(card_not_discarded){
branch  0 never executed
branch  1 never executed
    #####: 1037:	  if (state->hand[currentPlayer][p] == estate){//Found an estate card!
branch  0 never executed
branch  1 never executed
    #####: 1038:	    state->coins += 4;//Add 4 coins to the amount of coins
    #####: 1039:	    state->discard[currentPlayer][state->discardCount[currentPlayer]] = state->hand[currentPlayer][p];
    #####: 1040:	    state->discardCount[currentPlayer]++;
    #####: 1041:	    for (;p < state->handCount[currentPlayer]; p++){
branch  0 never executed
branch  1 never executed
    #####: 1042:	      state->hand[currentPlayer][p] = state->hand[currentPlayer][p+1];
        -: 1043:	    }
    #####: 1044:	    state->hand[currentPlayer][state->handCount[currentPlayer]] = -1;
    #####: 1045:	    state->handCount[currentPlayer]--;
    #####: 1046:	    card_not_discarded = 0;//Exit the loop
        -: 1047:	  }
    #####: 1048:	  else if (p > state->handCount[currentPlayer]){
branch  0 never executed
branch  1 never executed
        -: 1049:	    if(DEBUG) {
        -: 1050:	      printf("No estate cards in your hand, invalid choice\n");
        -: 1051:	      printf("Must gain an estate if there are any\n");
        -: 1052:	    }
    #####: 1053:	    if (supplyCount(estate, state) > 0){
call    0 never executed
branch  1 never executed
branch  2 never executed
    #####: 1054:	      gainCard(estate, state, 0, currentPlayer);
call    0 never executed
    #####: 1055:	      state->supplyCount[estate]--;//Decrement estates
    #####: 1056:	      if (supplyCount(estate, state) == 0){
call    0 never executed
branch  1 never executed
branch  2 never executed
    #####: 1057:		isGameOver(state);
call    0 never executed
        -: 1058:	      }
        -: 1059:	    }
    #####: 1060:	    card_not_discarded = 0;//Exit the loop
        -: 1061:	  }
        -: 1062:			    
        -: 1063:	  else{
    #####: 1064:	    p++;//Next card
        -: 1065:	  }
        -: 1066:	}
        -: 1067:      }
        -: 1068:			    
        -: 1069:      else{
    #####: 1070:	if (supplyCount(estate, state) > 0){
call    0 never executed
branch  1 never executed
branch  2 never executed
    #####: 1071:	  gainCard(estate, state, 0, currentPlayer);//Gain an estate
call    0 never executed
    #####: 1072:	  state->supplyCount[estate]--;//Decrement Estates
    #####: 1073:	  if (supplyCount(estate, state) == 0){
call    0 never executed
branch  1 never executed
branch  2 never executed
    #####: 1074:	    isGameOver(state);
call    0 never executed
        -: 1075:	  }
        -: 1076:	}
        -: 1077:      }
        -: 1078:	    
        -: 1079:      
    #####: 1080:      return 0;
        -: 1081:		
        -: 1082:    case great_hall:
        -: 1083:      //+1 Card
    #####: 1084:      drawCard(currentPlayer, state);
call    0 never executed
        -: 1085:			
        -: 1086:      //+1 Actions
    #####: 1087:      state->numActions++;
        -: 1088:			
        -: 1089:      //discard card from hand
    #####: 1090:      discardCard(handPos, currentPlayer, state, 0);
call    0 never executed
    #####: 1091:      return 0;
        -: 1092:		
        -: 1093:    case minion:
    #####: 1094:		return minionRefact(currentPlayer, state, handPos, choice1, choice2, i, j);
call    0 never executed
        -: 1095:	/*
        -: 1096:      //+1 action
        -: 1097:      state->numActions++;
        -: 1098:			
        -: 1099:      //discard card from hand
        -: 1100:      discardCard(handPos, currentPlayer, state, 0);
        -: 1101:			
        -: 1102:      if (choice1)		//+2 coins
        -: 1103:	{
        -: 1104:	  state->coins = state->coins + 2;
        -: 1105:	}
        -: 1106:			
        -: 1107:      else if (choice2)		//discard hand, redraw 4, other players with 5+ cards discard hand and draw 4
        -: 1108:	{
        -: 1109:	  //discard hand
        -: 1110:	  while(numHandCards(state) > 0)
        -: 1111:	    {
        -: 1112:	      discardCard(handPos, currentPlayer, state, 0);
        -: 1113:	    }
        -: 1114:				
        -: 1115:	  //draw 4
        -: 1116:	  for (i = 0; i < 4; i++)
        -: 1117:	    {
        -: 1118:	      drawCard(currentPlayer, state);
        -: 1119:	    }
        -: 1120:				
        -: 1121:	  //other players discard hand and redraw if hand size > 4
        -: 1122:	  for (i = 0; i < state->numPlayers; i++)
        -: 1123:	    {
        -: 1124:	      if (i != currentPlayer)
        -: 1125:		{
        -: 1126:		  if ( state->handCount[i] > 4 )
        -: 1127:		    {
        -: 1128:		      //discard hand
        -: 1129:		      while( state->handCount[i] > 0 )
        -: 1130:			{
        -: 1131:			  discardCard(handPos, i, state, 0);
        -: 1132:			}
        -: 1133:							
        -: 1134:		      //draw 4
        -: 1135:		      for (j = 0; j < 4; j++)
        -: 1136:			{
        -: 1137:			  drawCard(i, state);
        -: 1138:			}
        -: 1139:		    }
        -: 1140:		}
        -: 1141:	    }
        -: 1142:				
        -: 1143:	}
        -: 1144:      return 0;
        -: 1145:	*/
        -: 1146:	
        -: 1147:    case steward:
    #####: 1148:      if (choice1 == 1)
branch  0 never executed
branch  1 never executed
        -: 1149:	{
        -: 1150:	  //+2 cards
    #####: 1151:	  drawCard(currentPlayer, state);
call    0 never executed
    #####: 1152:	  drawCard(currentPlayer, state);
call    0 never executed
        -: 1153:	}
    #####: 1154:      else if (choice1 == 2)
branch  0 never executed
branch  1 never executed
        -: 1155:	{
        -: 1156:	  //+2 coins
    #####: 1157:	  state->coins = state->coins + 2;
        -: 1158:	}
        -: 1159:      else
        -: 1160:	{
        -: 1161:	  //trash 2 cards in hand
    #####: 1162:	  discardCard(choice2, currentPlayer, state, 1);
call    0 never executed
    #####: 1163:	  discardCard(choice3, currentPlayer, state, 1);
call    0 never executed
        -: 1164:	}
        -: 1165:			
        -: 1166:      //discard card from hand
    #####: 1167:      discardCard(handPos, currentPlayer, state, 0);
call    0 never executed
    #####: 1168:      return 0;
        -: 1169:		
        -: 1170:    case tribute:
    #####: 1171:      if ((state->discardCount[nextPlayer] + state->deckCount[nextPlayer]) <= 1){
branch  0 never executed
branch  1 never executed
    #####: 1172:	if (state->deckCount[nextPlayer] > 0){
branch  0 never executed
branch  1 never executed
    #####: 1173:	  tributeRevealedCards[0] = state->deck[nextPlayer][state->deckCount[nextPlayer]-1];
    #####: 1174:	  state->deckCount[nextPlayer]--;
        -: 1175:	}
    #####: 1176:	else if (state->discardCount[nextPlayer] > 0){
branch  0 never executed
branch  1 never executed
    #####: 1177:	  tributeRevealedCards[0] = state->discard[nextPlayer][state->discardCount[nextPlayer]-1];
    #####: 1178:	  state->discardCount[nextPlayer]--;
        -: 1179:	}
        -: 1180:	else{
        -: 1181:	  //No Card to Reveal
        -: 1182:	  if (DEBUG){
        -: 1183:	    printf("No cards to reveal\n");
        -: 1184:	  }
        -: 1185:	}
        -: 1186:      }
        -: 1187:	    
        -: 1188:      else{
    #####: 1189:	if (state->deckCount[nextPlayer] == 0){
branch  0 never executed
branch  1 never executed
    #####: 1190:	  for (i = 0; i < state->discardCount[nextPlayer]; i++){
branch  0 never executed
branch  1 never executed
    #####: 1191:	    state->deck[nextPlayer][i] = state->discard[nextPlayer][i];//Move to deck
    #####: 1192:	    state->deckCount[nextPlayer]++;
    #####: 1193:	    state->discard[nextPlayer][i] = -1;
    #####: 1194:	    state->discardCount[nextPlayer]--;
        -: 1195:	  }
        -: 1196:			    
    #####: 1197:	  shuffle(nextPlayer,state);//Shuffle the deck
call    0 never executed
        -: 1198:	} 
    #####: 1199:	tributeRevealedCards[0] = state->deck[nextPlayer][state->deckCount[nextPlayer]-1];
    #####: 1200:	state->deck[nextPlayer][state->deckCount[nextPlayer]--] = -1;
    #####: 1201:	state->deckCount[nextPlayer]--;
    #####: 1202:	tributeRevealedCards[1] = state->deck[nextPlayer][state->deckCount[nextPlayer]-1];
    #####: 1203:	state->deck[nextPlayer][state->deckCount[nextPlayer]--] = -1;
    #####: 1204:	state->deckCount[nextPlayer]--;
        -: 1205:      }    
        -: 1206:		       
    #####: 1207:      if (tributeRevealedCards[0] == tributeRevealedCards[1]){//If we have a duplicate card, just drop one 
branch  0 never executed
branch  1 never executed
    #####: 1208:	state->playedCards[state->playedCardCount] = tributeRevealedCards[1];
    #####: 1209:	state->playedCardCount++;
    #####: 1210:	tributeRevealedCards[1] = -1;
        -: 1211:      }
        -: 1212:
    #####: 1213:      for (i = 0; i <= 2; i ++){
branch  0 never executed
branch  1 never executed
    #####: 1214:	if (tributeRevealedCards[i] == copper || tributeRevealedCards[i] == silver || tributeRevealedCards[i] == gold){//Treasure cards
branch  0 never executed
branch  1 never executed
branch  2 never executed
branch  3 never executed
branch  4 never executed
branch  5 never executed
    #####: 1215:	  state->coins += 2;
        -: 1216:	}
        -: 1217:		    
    #####: 1218:	else if (tributeRevealedCards[i] == estate || tributeRevealedCards[i] == duchy || tributeRevealedCards[i] == province || tributeRevealedCards[i] == gardens || tributeRevealedCards[i] == great_hall){//Victory Card Found
branch  0 never executed
branch  1 never executed
branch  2 never executed
branch  3 never executed
branch  4 never executed
branch  5 never executed
branch  6 never executed
branch  7 never executed
branch  8 never executed
branch  9 never executed
    #####: 1219:	  drawCard(currentPlayer, state);
call    0 never executed
    #####: 1220:	  drawCard(currentPlayer, state);
call    0 never executed
        -: 1221:	}
        -: 1222:	else{//Action Card
    #####: 1223:	  state->numActions = state->numActions + 2;
        -: 1224:	}
        -: 1225:      }
        -: 1226:	    
    #####: 1227:      return 0;
        -: 1228:		
        -: 1229:    case ambassador:
    #####: 1230:      j = 0;		//used to check if player has enough cards to discard
        -: 1231:
    #####: 1232:      if (choice2 > 2 || choice2 < 0)
branch  0 never executed
branch  1 never executed
branch  2 never executed
branch  3 never executed
        -: 1233:	{
    #####: 1234:	  return -1;				
        -: 1235:	}
        -: 1236:
    #####: 1237:      if (choice1 == handPos)
branch  0 never executed
branch  1 never executed
        -: 1238:	{
    #####: 1239:	  return -1;
        -: 1240:	}
        -: 1241:
    #####: 1242:      for (i = 0; i < state->handCount[currentPlayer]; i++)
branch  0 never executed
branch  1 never executed
        -: 1243:	{
    #####: 1244:	  if (i != handPos && i == state->hand[currentPlayer][choice1] && i != choice1)
branch  0 never executed
branch  1 never executed
branch  2 never executed
branch  3 never executed
branch  4 never executed
branch  5 never executed
        -: 1245:	    {
    #####: 1246:	      j++;
        -: 1247:	    }
        -: 1248:	}
    #####: 1249:      if (j < choice2)
branch  0 never executed
branch  1 never executed
        -: 1250:	{
    #####: 1251:	  return -1;				
        -: 1252:	}
        -: 1253:
        -: 1254:      if (DEBUG) 
        -: 1255:	printf("Player %d reveals card number: %d\n", currentPlayer, state->hand[currentPlayer][choice1]);
        -: 1256:
        -: 1257:      //increase supply count for choosen card by amount being discarded
    #####: 1258:      state->supplyCount[state->hand[currentPlayer][choice1]] += choice2;
        -: 1259:			
        -: 1260:      //each other player gains a copy of revealed card
    #####: 1261:      for (i = 0; i < state->numPlayers; i++)
branch  0 never executed
branch  1 never executed
        -: 1262:	{
    #####: 1263:	  if (i != currentPlayer)
branch  0 never executed
branch  1 never executed
        -: 1264:	    {
    #####: 1265:	      gainCard(state->hand[currentPlayer][choice1], state, 0, i);
call    0 never executed
        -: 1266:	    }
        -: 1267:	}
        -: 1268:
        -: 1269:      //discard played card from hand
    #####: 1270:      discardCard(handPos, currentPlayer, state, 0);			
call    0 never executed
        -: 1271:
        -: 1272:      //trash copies of cards returned to supply
    #####: 1273:      for (j = 0; j < choice2; j++)
branch  0 never executed
branch  1 never executed
        -: 1274:	{
    #####: 1275:	  for (i = 0; i < state->handCount[currentPlayer]; i++)
branch  0 never executed
branch  1 never executed
        -: 1276:	    {
    #####: 1277:	      if (state->hand[currentPlayer][i] == state->hand[currentPlayer][choice1])
branch  0 never executed
branch  1 never executed
        -: 1278:		{
    #####: 1279:		  discardCard(i, currentPlayer, state, 1);
call    0 never executed
    #####: 1280:		  break;
        -: 1281:		}
        -: 1282:	    }
        -: 1283:	}			
        -: 1284:
    #####: 1285:      return 0;
        -: 1286:		
        -: 1287:    case cutpurse:
    #####: 1288:		cutpurseRefact(currentPlayer, state, handPos, i, j, k);
call    0 never executed
        -: 1289:	/*
        -: 1290:      updateCoins(currentPlayer, state, 2);
        -: 1291:      for (i = 0; i < state->numPlayers; i++)
        -: 1292:	{
        -: 1293:	  if (i != currentPlayer)
        -: 1294:	    {
        -: 1295:	      for (j = 0; j < state->handCount[i]; j++)
        -: 1296:		{
        -: 1297:		  if (state->hand[i][j] == copper)
        -: 1298:		    {
        -: 1299:		      discardCard(j, i, state, 0);
        -: 1300:		      break;
        -: 1301:		    }
        -: 1302:		  if (j == state->handCount[i])
        -: 1303:		    {
        -: 1304:		      for (k = 0; k < state->handCount[i]; k++)
        -: 1305:			{
        -: 1306:			  if (DEBUG)
        -: 1307:			    printf("Player %d reveals card number %d\n", i, state->hand[i][k]);
        -: 1308:			}	
        -: 1309:		      break;
        -: 1310:		    }		
        -: 1311:		}
        -: 1312:					
        -: 1313:	    }
        -: 1314:				
        -: 1315:	}				
        -: 1316:
        -: 1317:      //discard played card from hand
        -: 1318:      discardCard(handPos, currentPlayer, state, 0);			
        -: 1319:
        -: 1320:      return 0;
        -: 1321:	*/
        -: 1322:		
        -: 1323:    case embargo: 
        -: 1324:      //+2 Coins
    #####: 1325:      state->coins = state->coins + 2;
        -: 1326:			
        -: 1327:      //see if selected pile is in play
    #####: 1328:      if ( state->supplyCount[choice1] == -1 )
branch  0 never executed
branch  1 never executed
        -: 1329:	{
    #####: 1330:	  return -1;
        -: 1331:	}
        -: 1332:			
        -: 1333:      //add embargo token to selected supply pile
    #####: 1334:      state->embargoTokens[choice1]++;
        -: 1335:			
        -: 1336:      //trash card
    #####: 1337:      discardCard(handPos, currentPlayer, state, 1);		
call    0 never executed
    #####: 1338:      return 0;
        -: 1339:		
        -: 1340:    case outpost:
        -: 1341:      //set outpost flag
    #####: 1342:      state->outpostPlayed++;
        -: 1343:			
        -: 1344:      //discard card
    #####: 1345:      discardCard(handPos, currentPlayer, state, 0);
call    0 never executed
    #####: 1346:      return 0;
        -: 1347:		
        -: 1348:    case salvager:
        -: 1349:      //+1 buy
    #####: 1350:      state->numBuys++;
        -: 1351:			
    #####: 1352:      if (choice1)
branch  0 never executed
branch  1 never executed
        -: 1353:	{
        -: 1354:	  //gain coins equal to trashed card
    #####: 1355:	  state->coins = state->coins + getCost( handCard(choice1, state) );
call    0 never executed
call    1 never executed
        -: 1356:	  //trash card
    #####: 1357:	  discardCard(choice1, currentPlayer, state, 1);	
call    0 never executed
        -: 1358:	}
        -: 1359:			
        -: 1360:      //discard card
    #####: 1361:      discardCard(handPos, currentPlayer, state, 0);
call    0 never executed
    #####: 1362:      return 0;
        -: 1363:		
        -: 1364:    case sea_hag:
    #####: 1365:      for (i = 0; i < state->numPlayers; i++){
branch  0 never executed
branch  1 never executed
    #####: 1366:	if (i != currentPlayer){
branch  0 never executed
branch  1 never executed
    #####: 1367:	  state->discard[i][state->discardCount[i]] = state->deck[i][state->deckCount[i]--];			    state->deckCount[i]--;
    #####: 1368:	  state->discardCount[i]++;
    #####: 1369:	  state->deck[i][state->deckCount[i]--] = curse;//Top card now a curse
        -: 1370:	}
        -: 1371:      }
    #####: 1372:      return 0;
        -: 1373:		
        -: 1374:    case treasure_map:
        -: 1375:      //search hand for another treasure_map
    #####: 1376:      index = -1;
    #####: 1377:      for (i = 0; i < state->handCount[currentPlayer]; i++)
branch  0 never executed
branch  1 never executed
        -: 1378:	{
    #####: 1379:	  if (state->hand[currentPlayer][i] == treasure_map && i != handPos)
branch  0 never executed
branch  1 never executed
branch  2 never executed
branch  3 never executed
        -: 1380:	    {
    #####: 1381:	      index = i;
    #####: 1382:	      break;
        -: 1383:	    }
        -: 1384:	}
    #####: 1385:      if (index > -1)
branch  0 never executed
branch  1 never executed
        -: 1386:	{
        -: 1387:	  //trash both treasure cards
    #####: 1388:	  discardCard(handPos, currentPlayer, state, 1);
call    0 never executed
    #####: 1389:	  discardCard(index, currentPlayer, state, 1);
call    0 never executed
        -: 1390:
        -: 1391:	  //gain 4 Gold cards
    #####: 1392:	  for (i = 0; i < 4; i++)
branch  0 never executed
branch  1 never executed
        -: 1393:	    {
    #####: 1394:	      gainCard(gold, state, 1, currentPlayer);
call    0 never executed
        -: 1395:	    }
        -: 1396:				
        -: 1397:	  //return success
    #####: 1398:	  return 1;
        -: 1399:	}
        -: 1400:			
        -: 1401:      //no second treasure_map found in hand
    #####: 1402:      return -1;
        -: 1403:    }
        -: 1404:	
    #####: 1405:  return -1;
        -: 1406:}
        -: 1407:
function discardCard called 2 returned 100% blocks executed 78%
        2: 1408:int discardCard(int handPos, int currentPlayer, struct gameState *state, int trashFlag)
        -: 1409:{
        -: 1410:  //if card is not trashed, added to Played pile 
        2: 1411:  if (trashFlag < 1)
branch  0 taken 100% (fallthrough)
branch  1 taken 0%
        -: 1412:    {
        -: 1413:      //add card to played pile
        2: 1414:      state->playedCards[state->playedCardCount] = state->hand[currentPlayer][handPos]; 
        2: 1415:      state->playedCardCount++;
        -: 1416:    }
        -: 1417:  //set played card to -1
        2: 1418:  state->hand[currentPlayer][handPos] = -1;
        -: 1419:	
        -: 1420:  //remove card from player's hand
        2: 1421:  if ( handPos == (state->handCount[currentPlayer] - 1) ) 	//last card in hand array is played
branch  0 taken 0% (fallthrough)
branch  1 taken 100%
        -: 1422:    {
        -: 1423:      //reduce number of cards in hand
    #####: 1424:      state->handCount[currentPlayer]--;
        -: 1425:    }
        2: 1426:  else if ( state->handCount[currentPlayer] == 1 ) //only one card in hand
branch  0 taken 0% (fallthrough)
branch  1 taken 100%
        -: 1427:    {
        -: 1428:      //reduce number of cards in hand
    #####: 1429:      state->handCount[currentPlayer]--;
        -: 1430:    }
        -: 1431:  else 	
        -: 1432:    {
        -: 1433:      //replace discarded card with last card in hand
        2: 1434:      state->hand[currentPlayer][handPos] = state->hand[currentPlayer][ (state->handCount[currentPlayer] - 1)];
        -: 1435:      //set last card to -1
        2: 1436:      state->hand[currentPlayer][state->handCount[currentPlayer] - 1] = -1;
        -: 1437:      //reduce number of cards in hand
        2: 1438:      state->handCount[currentPlayer]--;
        -: 1439:    }
        -: 1440:	
        2: 1441:  return 0;
        -: 1442:}
        -: 1443:
function gainCard called 1 returned 100% blocks executed 70%
        1: 1444:int gainCard(int supplyPos, struct gameState *state, int toFlag, int player)
        -: 1445:{
        -: 1446:  //Note: supplyPos is enum of choosen card
        -: 1447:	
        -: 1448:  //check if supply pile is empty (0) or card is not used in game (-1)
        1: 1449:  if ( supplyCount(supplyPos, state) < 1 )
call    0 returned 100%
branch  1 taken 0% (fallthrough)
branch  2 taken 100%
        -: 1450:    {
    #####: 1451:      return -1;
        -: 1452:    }
        -: 1453:	
        -: 1454:  //added card for [whoseTurn] current player:
        -: 1455:  // toFlag = 0 : add to discard
        -: 1456:  // toFlag = 1 : add to deck
        -: 1457:  // toFlag = 2 : add to hand
        -: 1458:
        1: 1459:  if (toFlag == 1)
branch  0 taken 0% (fallthrough)
branch  1 taken 100%
        -: 1460:    {
    #####: 1461:      state->deck[ player ][ state->deckCount[player] ] = supplyPos;
    #####: 1462:      state->deckCount[player]++;
        -: 1463:    }
        1: 1464:  else if (toFlag == 2)
branch  0 taken 100% (fallthrough)
branch  1 taken 0%
        -: 1465:    {
        1: 1466:      state->hand[ player ][ state->handCount[player] ] = supplyPos;
        1: 1467:      state->handCount[player]++;
        -: 1468:    }
        -: 1469:  else
        -: 1470:    {
    #####: 1471:      state->discard[player][ state->discardCount[player] ] = supplyPos;
    #####: 1472:      state->discardCount[player]++;
        -: 1473:    }
        -: 1474:	
        -: 1475:  //decrease number in supply pile
        1: 1476:  state->supplyCount[supplyPos]--;
        -: 1477:	 
        1: 1478:  return 0;
        -: 1479:}
        -: 1480:
function updateCoins called 0 returned 0% blocks executed 0%
    #####: 1481:int updateCoins(int player, struct gameState *state, int bonus)
        -: 1482:{
        -: 1483:  int i;
        -: 1484:	
        -: 1485:  //reset coin count
    #####: 1486:  state->coins = 0;
        -: 1487:  
        -: 1488:  //add coins for each Treasure card in player's hand
    #####: 1489:  for (i = 0; i < state->handCount[player]; i++)
branch  0 never executed
branch  1 never executed
        -: 1490:    {
    #####: 1491:      if (state->hand[player][i] == copper)
branch  0 never executed
branch  1 never executed
        -: 1492:	{
    #####: 1493:	  state->coins += 1;
        -: 1494:	}
    #####: 1495:      else if (state->hand[player][i] == silver)
branch  0 never executed
branch  1 never executed
        -: 1496:	{
    #####: 1497:	  state->coins += 2;
        -: 1498:	}
    #####: 1499:      else if (state->hand[player][i] == gold)
branch  0 never executed
branch  1 never executed
        -: 1500:	{
    #####: 1501:	  state->coins += 3;
        -: 1502:	}	
        -: 1503:    }	
        -: 1504:
        -: 1505:  //add bonus
    #####: 1506:  state->coins += bonus;
        -: 1507:
    #####: 1508:  return 0;
        -: 1509:}
        -: 1510:
        -: 1511:
        -: 1512://end of dominion.c
        -: 1513:
